Using pre-set license
Built from '2020.3/staging' branch; Version is '2020.3.26f1 (7298b473bc1a) revision 7510196'; Using compiler version '192528614'; Build Type 'Release'
OS: 'Windows 11  (10.0.22538) 64bit Education' Language: 'pt' Physical Memory: 16335 MB
BatchMode: 1, IsHumanControllingUs: 0, StartBugReporterOnCrash: 0, Is64bit: 1, IsPro: 0

COMMAND LINE ARGUMENTS:
D:\HubEditor\2020.3.26f1\Editor\Unity.exe
-adb2
-batchMode
-noUpm
-name
AssetImportWorker0
-projectPath
D:/Unity/JoKen
-logFile
Logs/AssetImportWorker0.log
-srvPort
59402
Successfully changed project path to: D:/Unity/JoKen
D:/Unity/JoKen
Using Asset Import Pipeline V2.
Refreshing native plugins compatible for Editor in 49.34 ms, found 3 plugins.
Preloading 0 native plugins for Editor in 0.00 ms.
Initialize engine version: 2020.3.26f1 (7298b473bc1a)
[Subsystems] Discovering subsystems at path D:/HubEditor/2020.3.26f1/Editor/Data/Resources/UnitySubsystems
[Subsystems] Discovering subsystems at path D:/Unity/JoKen/Assets
GfxDevice: creating device client; threaded=0
Direct3D:
    Version:  Direct3D 11.0 [level 11.1]
    Renderer: NVIDIA GeForce GTX 1650 (ID=0x2188)
    Vendor:   
    VRAM:     3962 MB
    Driver:   30.0.15.1123
Initialize mono
Mono path[0] = 'D:/HubEditor/2020.3.26f1/Editor/Data/Managed'
Mono path[1] = 'D:/HubEditor/2020.3.26f1/Editor/Data/MonoBleedingEdge/lib/mono/unityjit'
Mono config path = 'D:/HubEditor/2020.3.26f1/Editor/Data/MonoBleedingEdge/etc'
Using monoOptions --debugger-agent=transport=dt_socket,embedding=1,server=y,suspend=n,address=127.0.0.1:56632
Begin MonoManager ReloadAssembly
Registering precompiled unity dll's ...
Register platform support module: D:/HubEditor/2020.3.26f1/Editor/Data/PlaybackEngines/WebGLSupport/UnityEditor.WebGL.Extensions.dll
Register platform support module: D:/HubEditor/2020.3.26f1/Editor/Data/PlaybackEngines/WindowsStandaloneSupport/UnityEditor.WindowsStandalone.Extensions.dll
Registered in 0.001393 seconds.
Native extension for WindowsStandalone target not found
Native extension for WebGL target not found
Refreshing native plugins compatible for Editor in 53.66 ms, found 3 plugins.
Preloading 0 native plugins for Editor in 0.00 ms.
Mono: successfully reloaded assembly
- Completed reload, in  0.652 seconds
Domain Reload Profiling:
	ReloadAssembly (652ms)
		BeginReloadAssembly (73ms)
			ExecutionOrderSort (0ms)
			DisableScriptedObjects (0ms)
			BackupInstance (0ms)
			ReleaseScriptingObjects (0ms)
			CreateAndSetChildDomain (1ms)
		EndReloadAssembly (503ms)
			LoadAssemblies (73ms)
			RebuildTransferFunctionScriptingTraits (0ms)
			SetupTypeCache (180ms)
			ReleaseScriptCaches (0ms)
			RebuildScriptCaches (30ms)
			SetupLoadedEditorAssemblies (191ms)
				LogAssemblyErrors (0ms)
				InitializePlatformSupportModulesInManaged (5ms)
				SetLoadedEditorAssemblies (0ms)
				RefreshPlugins (54ms)
				BeforeProcessingInitializeOnLoad (9ms)
				ProcessInitializeOnLoadAttributes (91ms)
				ProcessInitializeOnLoadMethodAttributes (31ms)
				AfterProcessingInitializeOnLoad (0ms)
				EditorAssembliesLoaded (0ms)
			ExecutionOrderSort2 (0ms)
			AwakeInstancesAfterBackupRestoration (0ms)
Platform modules already initialized, skipping
Registering precompiled user dll's ...
Registered in 0.004590 seconds.
Begin MonoManager ReloadAssembly
Native extension for WindowsStandalone target not found
Native extension for WebGL target not found
Refreshing native plugins compatible for Editor in 49.66 ms, found 3 plugins.
Preloading 0 native plugins for Editor in 0.00 ms.
Mono: successfully reloaded assembly
- Completed reload, in  1.226 seconds
Domain Reload Profiling:
	ReloadAssembly (1227ms)
		BeginReloadAssembly (169ms)
			ExecutionOrderSort (0ms)
			DisableScriptedObjects (6ms)
			BackupInstance (0ms)
			ReleaseScriptingObjects (0ms)
			CreateAndSetChildDomain (20ms)
		EndReloadAssembly (995ms)
			LoadAssemblies (125ms)
			RebuildTransferFunctionScriptingTraits (0ms)
			SetupTypeCache (331ms)
			ReleaseScriptCaches (1ms)
			RebuildScriptCaches (51ms)
			SetupLoadedEditorAssemblies (362ms)
				LogAssemblyErrors (0ms)
				InitializePlatformSupportModulesInManaged (5ms)
				SetLoadedEditorAssemblies (0ms)
				RefreshPlugins (50ms)
				BeforeProcessingInitializeOnLoad (67ms)
				ProcessInitializeOnLoadAttributes (218ms)
				ProcessInitializeOnLoadMethodAttributes (20ms)
				AfterProcessingInitializeOnLoad (2ms)
				EditorAssembliesLoaded (0ms)
			ExecutionOrderSort2 (0ms)
			AwakeInstancesAfterBackupRestoration (8ms)
Platform modules already initialized, skipping
========================================================================
Worker process is ready to serve import requests
Launched and connected shader compiler UnityShaderCompiler.exe after 0.12 seconds
Refreshing native plugins compatible for Editor in 0.51 ms, found 3 plugins.
Preloading 0 native plugins for Editor in 0.00 ms.
Unloading 2200 Unused Serialized files (Serialized files now loaded: 0)
System memory in use before: 95.9 MB.
System memory in use after: 96.0 MB.

Unloading 27 unused Assets to reduce memory usage. Loaded Objects now: 2635.
Total: 3.398000 ms (FindLiveObjects: 0.232200 ms CreateObjectMapping: 0.060000 ms MarkObjects: 3.077800 ms  DeleteObjects: 0.026800 ms)

AssetImportParameters requested are different than current active one (requested -> active):
  custom:framework-win-MediaFoundation: 216162199b28c13a410421893ffa2e32 -> 
  custom:video-decoder-ogg-theora: a1e56fd34408186e4bbccfd4996cb3dc -> 
  custom:container-muxer-webm: aa71ff27fc2769a1b78a27578f13a17b -> 
  custom:container-demuxer-webm: 4f35f7cbe854078d1ac9338744f61a02 -> 
  custom:container-demuxer-ogg: 62fdf1f143b41e24485cea50d1cbac27 -> 
  custom:video-encoder-webm-vp8: eb34c28f22e8b96e1ab97ce403110664 -> 
  custom:video-decoder-webm-vp8: 9c59270c3fd7afecdb556c50c9e8de78 -> 
  custom:audio-decoder-ogg-vorbis: bf7c407c2cedff20999df2af8eb42d56 -> 
  custom:audio-encoder-webm-vorbis: bf7c407c2cedff20999df2af8eb42d56 -> 
========================================================================
Received Import Request.
  path: Assets/Cenas/SampleScene.unity
  artifactKey: Guid(2cda990e2423bbf4892e6590ba056729) Importer(815301076,1909f56bfc062723c751e8b465ee728b)
Start importing Assets/Cenas/SampleScene.unity using Guid(2cda990e2423bbf4892e6590ba056729) Importer(815301076,1909f56bfc062723c751e8b465ee728b)  -> (artifact id: 'fdea14cf7e4186f8ba47a6df3b04e8d3') in 0.021030 seconds 
  Import took 0.024635 seconds .

========================================================================
Received Prepare
Refreshing native plugins compatible for Editor in 4.42 ms, found 3 plugins.
Preloading 0 native plugins for Editor in 0.00 ms.
Unloading 15 Unused Serialized files (Serialized files now loaded: 0)
System memory in use before: 52.2 MB.
System memory in use after: 52.3 MB.

Unloading 15 unused Assets to reduce memory usage. Loaded Objects now: 2635.
Total: 4.049500 ms (FindLiveObjects: 0.198200 ms CreateObjectMapping: 0.054900 ms MarkObjects: 3.774300 ms  DeleteObjects: 0.021200 ms)

AssetImportParameters requested are different than current active one (requested -> active):
  custom:framework-win-MediaFoundation: 216162199b28c13a410421893ffa2e32 -> 
  custom:video-decoder-ogg-theora: a1e56fd34408186e4bbccfd4996cb3dc -> 
  custom:container-muxer-webm: aa71ff27fc2769a1b78a27578f13a17b -> 
  custom:container-demuxer-webm: 4f35f7cbe854078d1ac9338744f61a02 -> 
  custom:container-demuxer-ogg: 62fdf1f143b41e24485cea50d1cbac27 -> 
  custom:video-encoder-webm-vp8: eb34c28f22e8b96e1ab97ce403110664 -> 
  custom:video-decoder-webm-vp8: 9c59270c3fd7afecdb556c50c9e8de78 -> 
  custom:audio-decoder-ogg-vorbis: bf7c407c2cedff20999df2af8eb42d56 -> 
  custom:audio-encoder-webm-vorbis: bf7c407c2cedff20999df2af8eb42d56 -> 
========================================================================
Received Import Request.
  Time since last request: 32.033652 seconds.
  path: Assets/Cenas/BG.png
  artifactKey: Guid(66015866bf693c54dbe21f689366484c) Importer(815301076,1909f56bfc062723c751e8b465ee728b)
Start importing Assets/Cenas/BG.png using Guid(66015866bf693c54dbe21f689366484c) Importer(815301076,1909f56bfc062723c751e8b465ee728b)  -> (artifact id: '842b96a4f16b0cc110cabdbf1d55cd87') in 0.147889 seconds 
  Import took 0.151875 seconds .

========================================================================
Received Prepare
Registering precompiled user dll's ...
Registered in 0.005072 seconds.
Begin MonoManager ReloadAssembly
Native extension for WindowsStandalone target not found
Native extension for WebGL target not found
Refreshing native plugins compatible for Editor in 0.80 ms, found 3 plugins.
Preloading 0 native plugins for Editor in 0.00 ms.
Mono: successfully reloaded assembly
- Completed reload, in  1.361 seconds
Domain Reload Profiling:
	ReloadAssembly (1362ms)
		BeginReloadAssembly (243ms)
			ExecutionOrderSort (0ms)
			DisableScriptedObjects (8ms)
			BackupInstance (0ms)
			ReleaseScriptingObjects (0ms)
			CreateAndSetChildDomain (45ms)
		EndReloadAssembly (1024ms)
			LoadAssemblies (243ms)
			RebuildTransferFunctionScriptingTraits (0ms)
			SetupTypeCache (360ms)
			ReleaseScriptCaches (1ms)
			RebuildScriptCaches (52ms)
			SetupLoadedEditorAssemblies (355ms)
				LogAssemblyErrors (0ms)
				InitializePlatformSupportModulesInManaged (7ms)
				SetLoadedEditorAssemblies (1ms)
				RefreshPlugins (1ms)
				BeforeProcessingInitializeOnLoad (67ms)
				ProcessInitializeOnLoadAttributes (265ms)
				ProcessInitializeOnLoadMethodAttributes (13ms)
				AfterProcessingInitializeOnLoad (2ms)
				EditorAssembliesLoaded (0ms)
			ExecutionOrderSort2 (0ms)
			AwakeInstancesAfterBackupRestoration (11ms)
Platform modules already initialized, skipping
Refreshing native plugins compatible for Editor in 0.87 ms, found 3 plugins.
Preloading 0 native plugins for Editor in 0.00 ms.
Unloading 2189 Unused Serialized files (Serialized files now loaded: 0)
System memory in use before: 98.3 MB.
System memory in use after: 98.4 MB.

Unloading 17 unused Assets to reduce memory usage. Loaded Objects now: 2643.
Total: 4.977800 ms (FindLiveObjects: 0.255300 ms CreateObjectMapping: 0.070800 ms MarkObjects: 4.607300 ms  DeleteObjects: 0.042500 ms)

AssetImportParameters requested are different than current active one (requested -> active):
  custom:framework-win-MediaFoundation: 216162199b28c13a410421893ffa2e32 -> 
  custom:video-decoder-ogg-theora: a1e56fd34408186e4bbccfd4996cb3dc -> 
  custom:container-muxer-webm: aa71ff27fc2769a1b78a27578f13a17b -> 
  custom:container-demuxer-webm: 4f35f7cbe854078d1ac9338744f61a02 -> 
  custom:container-demuxer-ogg: 62fdf1f143b41e24485cea50d1cbac27 -> 
  custom:video-encoder-webm-vp8: eb34c28f22e8b96e1ab97ce403110664 -> 
  custom:video-decoder-webm-vp8: 9c59270c3fd7afecdb556c50c9e8de78 -> 
  custom:audio-decoder-ogg-vorbis: bf7c407c2cedff20999df2af8eb42d56 -> 
  custom:audio-encoder-webm-vorbis: bf7c407c2cedff20999df2af8eb42d56 -> 
========================================================================
Received Prepare
Registering precompiled user dll's ...
Registered in 0.004885 seconds.
Begin MonoManager ReloadAssembly
Native extension for WindowsStandalone target not found
Native extension for WebGL target not found
Refreshing native plugins compatible for Editor in 0.53 ms, found 3 plugins.
Preloading 0 native plugins for Editor in 0.00 ms.
Mono: successfully reloaded assembly
- Completed reload, in  1.144 seconds
Domain Reload Profiling:
	ReloadAssembly (1145ms)
		BeginReloadAssembly (137ms)
			ExecutionOrderSort (0ms)
			DisableScriptedObjects (8ms)
			BackupInstance (0ms)
			ReleaseScriptingObjects (0ms)
			CreateAndSetChildDomain (35ms)
		EndReloadAssembly (937ms)
			LoadAssemblies (133ms)
			RebuildTransferFunctionScriptingTraits (0ms)
			SetupTypeCache (341ms)
			ReleaseScriptCaches (1ms)
			RebuildScriptCaches (47ms)
			SetupLoadedEditorAssemblies (324ms)
				LogAssemblyErrors (0ms)
				InitializePlatformSupportModulesInManaged (6ms)
				SetLoadedEditorAssemblies (1ms)
				RefreshPlugins (1ms)
				BeforeProcessingInitializeOnLoad (60ms)
				ProcessInitializeOnLoadAttributes (242ms)
				ProcessInitializeOnLoadMethodAttributes (12ms)
				AfterProcessingInitializeOnLoad (2ms)
				EditorAssembliesLoaded (0ms)
			ExecutionOrderSort2 (0ms)
			AwakeInstancesAfterBackupRestoration (11ms)
Platform modules already initialized, skipping
Refreshing native plugins compatible for Editor in 0.53 ms, found 3 plugins.
Preloading 0 native plugins for Editor in 0.00 ms.
Unloading 2189 Unused Serialized files (Serialized files now loaded: 0)
System memory in use before: 98.3 MB.
System memory in use after: 98.4 MB.

Unloading 17 unused Assets to reduce memory usage. Loaded Objects now: 2645.
Total: 3.466700 ms (FindLiveObjects: 0.194100 ms CreateObjectMapping: 0.055900 ms MarkObjects: 3.187400 ms  DeleteObjects: 0.028000 ms)

AssetImportParameters requested are different than current active one (requested -> active):
  custom:framework-win-MediaFoundation: 216162199b28c13a410421893ffa2e32 -> 
  custom:video-decoder-ogg-theora: a1e56fd34408186e4bbccfd4996cb3dc -> 
  custom:container-muxer-webm: aa71ff27fc2769a1b78a27578f13a17b -> 
  custom:container-demuxer-webm: 4f35f7cbe854078d1ac9338744f61a02 -> 
  custom:container-demuxer-ogg: 62fdf1f143b41e24485cea50d1cbac27 -> 
  custom:video-encoder-webm-vp8: eb34c28f22e8b96e1ab97ce403110664 -> 
  custom:video-decoder-webm-vp8: 9c59270c3fd7afecdb556c50c9e8de78 -> 
  custom:audio-decoder-ogg-vorbis: bf7c407c2cedff20999df2af8eb42d56 -> 
  custom:audio-encoder-webm-vorbis: bf7c407c2cedff20999df2af8eb42d56 -> 
========================================================================
Received Import Request.
  Time since last request: 262.336601 seconds.
  path: Assets/Scripts/TesouraScript.cs
  artifactKey: Guid(56a6f064f3510b44a9f3cb05e15c1c1b) Importer(815301076,1909f56bfc062723c751e8b465ee728b)
Start importing Assets/Scripts/TesouraScript.cs using Guid(56a6f064f3510b44a9f3cb05e15c1c1b) Importer(815301076,1909f56bfc062723c751e8b465ee728b)  -> (artifact id: '705621e4800daebf93aed283e3ff0be5') in 0.022305 seconds 
  Import took 0.025700 seconds .

========================================================================
Received Prepare
Registering precompiled user dll's ...
Registered in 0.006378 seconds.
Begin MonoManager ReloadAssembly
Native extension for WindowsStandalone target not found
Native extension for WebGL target not found
Refreshing native plugins compatible for Editor in 0.52 ms, found 3 plugins.
Preloading 0 native plugins for Editor in 0.00 ms.
Mono: successfully reloaded assembly
- Completed reload, in  1.174 seconds
Domain Reload Profiling:
	ReloadAssembly (1175ms)
		BeginReloadAssembly (137ms)
			ExecutionOrderSort (0ms)
			DisableScriptedObjects (8ms)
			BackupInstance (0ms)
			ReleaseScriptingObjects (0ms)
			CreateAndSetChildDomain (36ms)
		EndReloadAssembly (974ms)
			LoadAssemblies (131ms)
			RebuildTransferFunctionScriptingTraits (0ms)
			SetupTypeCache (333ms)
			ReleaseScriptCaches (1ms)
			RebuildScriptCaches (65ms)
			SetupLoadedEditorAssemblies (332ms)
				LogAssemblyErrors (0ms)
				InitializePlatformSupportModulesInManaged (6ms)
				SetLoadedEditorAssemblies (1ms)
				RefreshPlugins (1ms)
				BeforeProcessingInitializeOnLoad (59ms)
				ProcessInitializeOnLoadAttributes (248ms)
				ProcessInitializeOnLoadMethodAttributes (14ms)
				AfterProcessingInitializeOnLoad (3ms)
				EditorAssembliesLoaded (0ms)
			ExecutionOrderSort2 (0ms)
			AwakeInstancesAfterBackupRestoration (11ms)
Platform modules already initialized, skipping
Refreshing native plugins compatible for Editor in 0.52 ms, found 3 plugins.
Preloading 0 native plugins for Editor in 0.00 ms.
Unloading 2189 Unused Serialized files (Serialized files now loaded: 0)
System memory in use before: 98.3 MB.
System memory in use after: 98.5 MB.

Unloading 17 unused Assets to reduce memory usage. Loaded Objects now: 2647.
Total: 3.407100 ms (FindLiveObjects: 0.195900 ms CreateObjectMapping: 0.068400 ms MarkObjects: 3.115000 ms  DeleteObjects: 0.026800 ms)

AssetImportParameters requested are different than current active one (requested -> active):
  custom:framework-win-MediaFoundation: 216162199b28c13a410421893ffa2e32 -> 
  custom:video-decoder-ogg-theora: a1e56fd34408186e4bbccfd4996cb3dc -> 
  custom:container-muxer-webm: aa71ff27fc2769a1b78a27578f13a17b -> 
  custom:container-demuxer-webm: 4f35f7cbe854078d1ac9338744f61a02 -> 
  custom:container-demuxer-ogg: 62fdf1f143b41e24485cea50d1cbac27 -> 
  custom:video-encoder-webm-vp8: eb34c28f22e8b96e1ab97ce403110664 -> 
  custom:video-decoder-webm-vp8: 9c59270c3fd7afecdb556c50c9e8de78 -> 
  custom:audio-decoder-ogg-vorbis: bf7c407c2cedff20999df2af8eb42d56 -> 
  custom:audio-encoder-webm-vorbis: bf7c407c2cedff20999df2af8eb42d56 -> 
========================================================================
Received Import Request.
  Time since last request: 181.575859 seconds.
  path: Assets/Cenas/Tiles
  artifactKey: Guid(aaa4c4691224543479947c1d4216cf27) Importer(815301076,1909f56bfc062723c751e8b465ee728b)
Start importing Assets/Cenas/Tiles using Guid(aaa4c4691224543479947c1d4216cf27) Importer(815301076,1909f56bfc062723c751e8b465ee728b)  -> (artifact id: '5a7d168b65429cb486d2aeb154b15596') in 0.012323 seconds 
  Import took 0.016057 seconds .

========================================================================
Received Import Request.
  Time since last request: 16.025954 seconds.
  path: Assets/Cenas/Tiles/Bone (1).png
  artifactKey: Guid(c8097528ef813c14e94951574858bcbe) Importer(815301076,1909f56bfc062723c751e8b465ee728b)
Start importing Assets/Cenas/Tiles/Bone (1).png using Guid(c8097528ef813c14e94951574858bcbe) Importer(815301076,1909f56bfc062723c751e8b465ee728b)  -> (artifact id: 'ac6457894f5604bcf97d35ece73244a7') in 0.070000 seconds 
  Import took 0.073477 seconds .

========================================================================
Received Import Request.
  Time since last request: 0.000220 seconds.
  path: Assets/Cenas/Tiles/Bone (3).png
  artifactKey: Guid(d528f1a50cec4684391abc66d04dc5e0) Importer(815301076,1909f56bfc062723c751e8b465ee728b)
Start importing Assets/Cenas/Tiles/Bone (3).png using Guid(d528f1a50cec4684391abc66d04dc5e0) Importer(815301076,1909f56bfc062723c751e8b465ee728b)  -> (artifact id: 'd92eddf8f8e2b083616c85ba5dadf53f') in 0.016864 seconds 
  Import took 0.020000 seconds .

========================================================================
Received Import Request.
  Time since last request: 0.000229 seconds.
  path: Assets/Cenas/Tiles/Tile (16).png
  artifactKey: Guid(16fab5d87a503cb48b237665d96d92fe) Importer(815301076,1909f56bfc062723c751e8b465ee728b)
Start importing Assets/Cenas/Tiles/Tile (16).png using Guid(16fab5d87a503cb48b237665d96d92fe) Importer(815301076,1909f56bfc062723c751e8b465ee728b)  -> (artifact id: 'c50f28e57065657d55a09a63fb92c82b') in 0.018102 seconds 
  Import took 0.021213 seconds .

========================================================================
Received Import Request.
  Time since last request: 0.000272 seconds.
  path: Assets/Cenas/Tiles/Tile (11).png
  artifactKey: Guid(a94b1c8fc14128e41a3064a861f6e8ac) Importer(815301076,1909f56bfc062723c751e8b465ee728b)
Start importing Assets/Cenas/Tiles/Tile (11).png using Guid(a94b1c8fc14128e41a3064a861f6e8ac) Importer(815301076,1909f56bfc062723c751e8b465ee728b)  -> (artifact id: '281ad24af8f9ec88caf93775e9a94811') in 0.018194 seconds 
  Import took 0.022142 seconds .

========================================================================
Received Import Request.
  Time since last request: 0.000246 seconds.
  path: Assets/Cenas/Tiles/Tile (7).png
  artifactKey: Guid(c93d78a8e7f6d714e9728635dcc33f80) Importer(815301076,1909f56bfc062723c751e8b465ee728b)
Start importing Assets/Cenas/Tiles/Tile (7).png using Guid(c93d78a8e7f6d714e9728635dcc33f80) Importer(815301076,1909f56bfc062723c751e8b465ee728b)  -> (artifact id: '5e370d2be46eba3c436dc57023139419') in 0.018450 seconds 
  Import took 0.022384 seconds .

========================================================================
Received Import Request.
  Time since last request: 0.000292 seconds.
  path: Assets/Cenas/Tiles/Tile (15).png
  artifactKey: Guid(a9a453970de1dbb4fbb34ae0c9e0bc76) Importer(815301076,1909f56bfc062723c751e8b465ee728b)
Start importing Assets/Cenas/Tiles/Tile (15).png using Guid(a9a453970de1dbb4fbb34ae0c9e0bc76) Importer(815301076,1909f56bfc062723c751e8b465ee728b)  -> (artifact id: '77111e9bc7ae68155ccc30154a0ed6b0') in 0.016914 seconds 
  Import took 0.019968 seconds .

========================================================================
Received Import Request.
  Time since last request: 0.000251 seconds.
  path: Assets/Cenas/Tiles/Tile (10).png
  artifactKey: Guid(6994647d874eb4046b2f5e6509b0d022) Importer(815301076,1909f56bfc062723c751e8b465ee728b)
Start importing Assets/Cenas/Tiles/Tile (10).png using Guid(6994647d874eb4046b2f5e6509b0d022) Importer(815301076,1909f56bfc062723c751e8b465ee728b)  -> (artifact id: 'f7913b47995b2ceb372b63fba8955bbf') in 0.016112 seconds 
  Import took 0.019470 seconds .

========================================================================
Received Import Request.
  Time since last request: 0.000265 seconds.
  path: Assets/Cenas/Tiles/Tile (13).png
  artifactKey: Guid(94de8e94fa34c9e4da3d722b4c2d4165) Importer(815301076,1909f56bfc062723c751e8b465ee728b)
Start importing Assets/Cenas/Tiles/Tile (13).png using Guid(94de8e94fa34c9e4da3d722b4c2d4165) Importer(815301076,1909f56bfc062723c751e8b465ee728b)  -> (artifact id: '25388bcc527d36531e3803d72ba2f13f') in 0.017628 seconds 
  Import took 0.021058 seconds .

========================================================================
Received Import Request.
  Time since last request: 0.000257 seconds.
  path: Assets/Cenas/Tiles/Tile (2).png
  artifactKey: Guid(b22f5c25fabe262419d46595f771147b) Importer(815301076,1909f56bfc062723c751e8b465ee728b)
Start importing Assets/Cenas/Tiles/Tile (2).png using Guid(b22f5c25fabe262419d46595f771147b) Importer(815301076,1909f56bfc062723c751e8b465ee728b)  -> (artifact id: '37ec724cf66b8d434f4dbefa7ffe30f1') in 0.017891 seconds 
  Import took 0.021876 seconds .

========================================================================
Received Import Request.
  Time since last request: 0.000278 seconds.
  path: Assets/Cenas/Tiles/Tile (9).png
  artifactKey: Guid(0dbb43946f7a3564cb809e527e890a8a) Importer(815301076,1909f56bfc062723c751e8b465ee728b)
Start importing Assets/Cenas/Tiles/Tile (9).png using Guid(0dbb43946f7a3564cb809e527e890a8a) Importer(815301076,1909f56bfc062723c751e8b465ee728b)  -> (artifact id: '064a712df7e961258a81c393a5403098') in 0.017538 seconds 
  Import took 0.020923 seconds .

========================================================================
Received Import Request.
  Time since last request: 0.000270 seconds.
  path: Assets/Cenas/Tiles/Tile (8).png
  artifactKey: Guid(1326e665dc74f454fa9eb793e7488f48) Importer(815301076,1909f56bfc062723c751e8b465ee728b)
Start importing Assets/Cenas/Tiles/Tile (8).png using Guid(1326e665dc74f454fa9eb793e7488f48) Importer(815301076,1909f56bfc062723c751e8b465ee728b)  -> (artifact id: '81fbe79feda69fcefd3cb65ee15ada48') in 0.018000 seconds 
  Import took 0.021186 seconds .

========================================================================
Received Import Request.
  Time since last request: 0.000256 seconds.
  path: Assets/Cenas/Tiles/Tile (12).png
  artifactKey: Guid(dba7a9ebe2c0b944ea5a6b6ef815d2b8) Importer(815301076,1909f56bfc062723c751e8b465ee728b)
Start importing Assets/Cenas/Tiles/Tile (12).png using Guid(dba7a9ebe2c0b944ea5a6b6ef815d2b8) Importer(815301076,1909f56bfc062723c751e8b465ee728b)  -> (artifact id: '274f66eea462a5e52791820ac4ed9210') in 0.018925 seconds 
  Import took 0.021978 seconds .

========================================================================
Received Import Request.
  Time since last request: 0.000259 seconds.
  path: Assets/Cenas/Tiles/Tile (4).png
  artifactKey: Guid(c9fca140f0db7f14bb5dbbbd195ad878) Importer(815301076,1909f56bfc062723c751e8b465ee728b)
Start importing Assets/Cenas/Tiles/Tile (4).png using Guid(c9fca140f0db7f14bb5dbbbd195ad878) Importer(815301076,1909f56bfc062723c751e8b465ee728b)  -> (artifact id: 'e35b11a7939a2ce8d45ec2e8ca45a9da') in 0.016884 seconds 
  Import took 0.020175 seconds .

========================================================================
Received Import Request.
  Time since last request: 0.000284 seconds.
  path: Assets/Cenas/Tiles/Tile (14).png
  artifactKey: Guid(686269334dad544489f8f4304a7fda4b) Importer(815301076,1909f56bfc062723c751e8b465ee728b)
Start importing Assets/Cenas/Tiles/Tile (14).png using Guid(686269334dad544489f8f4304a7fda4b) Importer(815301076,1909f56bfc062723c751e8b465ee728b)  -> (artifact id: '719b3c1cc43577ff8442ffcba61df4d5') in 0.017085 seconds 
  Import took 0.020709 seconds .

========================================================================
Received Import Request.
  Time since last request: 0.000214 seconds.
  path: Assets/Cenas/Tiles/Bone (4).png
  artifactKey: Guid(31cae9ca6b085cd43a557314e54d962d) Importer(815301076,1909f56bfc062723c751e8b465ee728b)
Start importing Assets/Cenas/Tiles/Bone (4).png using Guid(31cae9ca6b085cd43a557314e54d962d) Importer(815301076,1909f56bfc062723c751e8b465ee728b)  -> (artifact id: 'a73e005df9d23bf6c61b152c20b56a49') in 0.017929 seconds 
  Import took 0.020981 seconds .

========================================================================
Received Import Request.
  Time since last request: 0.000368 seconds.
  path: Assets/Cenas/Tiles/Tile (6).png
  artifactKey: Guid(ca54a0d22bd61a343ba350c90cab05b5) Importer(815301076,1909f56bfc062723c751e8b465ee728b)
Start importing Assets/Cenas/Tiles/Tile (6).png using Guid(ca54a0d22bd61a343ba350c90cab05b5) Importer(815301076,1909f56bfc062723c751e8b465ee728b)  -> (artifact id: '5c5b2fbc5de7cfd0399572de6d6a03e8') in 0.016400 seconds 
  Import took 0.019661 seconds .

========================================================================
Received Import Request.
  Time since last request: 0.000233 seconds.
  path: Assets/Cenas/Tiles/Tile (1).png
  artifactKey: Guid(d98497ea5f616e442ab90b33ffadd7b7) Importer(815301076,1909f56bfc062723c751e8b465ee728b)
Start importing Assets/Cenas/Tiles/Tile (1).png using Guid(d98497ea5f616e442ab90b33ffadd7b7) Importer(815301076,1909f56bfc062723c751e8b465ee728b)  -> (artifact id: 'b09115b08f0ec9a1787f33bde892dae5') in 0.017571 seconds 
  Import took 0.020820 seconds .

========================================================================
Received Import Request.
  Time since last request: 0.000285 seconds.
  path: Assets/Cenas/Tiles/Tile (3).png
  artifactKey: Guid(e255fdb1339568345a2095d0f1aeb7a5) Importer(815301076,1909f56bfc062723c751e8b465ee728b)
Start importing Assets/Cenas/Tiles/Tile (3).png using Guid(e255fdb1339568345a2095d0f1aeb7a5) Importer(815301076,1909f56bfc062723c751e8b465ee728b)  -> (artifact id: 'c4ee5c1c5e71a68cb5afdbc362667725') in 0.016491 seconds 
  Import took 0.019560 seconds .

========================================================================
Received Import Request.
  Time since last request: 0.000297 seconds.
  path: Assets/Cenas/Tiles/Tile (5).png
  artifactKey: Guid(2d0f51a017b86fa409a8e0ab15c3fed3) Importer(815301076,1909f56bfc062723c751e8b465ee728b)
Start importing Assets/Cenas/Tiles/Tile (5).png using Guid(2d0f51a017b86fa409a8e0ab15c3fed3) Importer(815301076,1909f56bfc062723c751e8b465ee728b)  -> (artifact id: '7c80f41545e94e49716cdd8311e49e3e') in 0.017283 seconds 
  Import took 0.020681 seconds .

========================================================================
Received Import Request.
  Time since last request: 0.000292 seconds.
  path: Assets/Cenas/Tiles/Bone (2).png
  artifactKey: Guid(83b8146d4b8268b4589fecf5a88c27f6) Importer(815301076,1909f56bfc062723c751e8b465ee728b)
Start importing Assets/Cenas/Tiles/Bone (2).png using Guid(83b8146d4b8268b4589fecf5a88c27f6) Importer(815301076,1909f56bfc062723c751e8b465ee728b)  -> (artifact id: '6b9edcdc6bc4c907b10616d30cee10ba') in 0.018923 seconds 
  Import took 0.022456 seconds .

========================================================================
Received Import Request.
  Time since last request: 299.082356 seconds.
  path: Assets/Cenas/Tiles/Bone (1) 1.png
  artifactKey: Guid(79ea5e5863165704082e106cb3996285) Importer(815301076,1909f56bfc062723c751e8b465ee728b)
Start importing Assets/Cenas/Tiles/Bone (1) 1.png using Guid(79ea5e5863165704082e106cb3996285) Importer(815301076,1909f56bfc062723c751e8b465ee728b)  -> (artifact id: 'd38d5f12e3d51c93d5337dd98430ac50') in 0.026818 seconds 
  Import took 0.030654 seconds .

========================================================================
Received Import Request.
  Time since last request: 0.000381 seconds.
  path: Assets/Cenas/Tiles/Bone (2) 1.png
  artifactKey: Guid(2c6d07f6fa2c50246932a0e8ac689da1) Importer(815301076,1909f56bfc062723c751e8b465ee728b)
Start importing Assets/Cenas/Tiles/Bone (2) 1.png using Guid(2c6d07f6fa2c50246932a0e8ac689da1) Importer(815301076,1909f56bfc062723c751e8b465ee728b)  -> (artifact id: '1d15bca67cbe4e57daf5f196f8ea5625') in 0.021295 seconds 
  Import took 0.024684 seconds .

========================================================================
Received Import Request.
  Time since last request: 0.000381 seconds.
  path: Assets/Cenas/Tiles/Tile (7) 1.png
  artifactKey: Guid(aa6892dc56dd7774a82274c8da50b457) Importer(815301076,1909f56bfc062723c751e8b465ee728b)
Start importing Assets/Cenas/Tiles/Tile (7) 1.png using Guid(aa6892dc56dd7774a82274c8da50b457) Importer(815301076,1909f56bfc062723c751e8b465ee728b)  -> (artifact id: '7db635cf704df890afb96ad29f833244') in 0.020751 seconds 
  Import took 0.024220 seconds .

========================================================================
Received Import Request.
  Time since last request: 0.000352 seconds.
  path: Assets/Cenas/Tiles/Tile (5) 1.png
  artifactKey: Guid(5bef85cb71208844db0e83e3704e09ad) Importer(815301076,1909f56bfc062723c751e8b465ee728b)
Start importing Assets/Cenas/Tiles/Tile (5) 1.png using Guid(5bef85cb71208844db0e83e3704e09ad) Importer(815301076,1909f56bfc062723c751e8b465ee728b)  -> (artifact id: 'fa2652395096ee2bfeaf63caf13196bf') in 0.022576 seconds 
  Import took 0.026185 seconds .

========================================================================
Received Import Request.
  Time since last request: 0.000364 seconds.
  path: Assets/Cenas/Tiles/Tile (1) 1.png
  artifactKey: Guid(7e7af10df51fd8e4a85058a6e38d93b8) Importer(815301076,1909f56bfc062723c751e8b465ee728b)
Start importing Assets/Cenas/Tiles/Tile (1) 1.png using Guid(7e7af10df51fd8e4a85058a6e38d93b8) Importer(815301076,1909f56bfc062723c751e8b465ee728b)  -> (artifact id: 'f0b4fc4e01cadb1f48029a8e16b07fb0') in 0.023909 seconds 
  Import took 0.027859 seconds .

========================================================================
Received Import Request.
  Time since last request: 0.000376 seconds.
  path: Assets/Cenas/Tiles/Tile (2) 1.png
  artifactKey: Guid(2fbb08f584ba86e448af3cb943376bba) Importer(815301076,1909f56bfc062723c751e8b465ee728b)
Start importing Assets/Cenas/Tiles/Tile (2) 1.png using Guid(2fbb08f584ba86e448af3cb943376bba) Importer(815301076,1909f56bfc062723c751e8b465ee728b)  -> (artifact id: 'ff3920d42a62c9a12cbd8d0cc6a465c4') in 0.021434 seconds 
  Import took 0.025111 seconds .

========================================================================
Received Import Request.
  Time since last request: 0.000336 seconds.
  path: Assets/Cenas/Tiles/Tile (9) 1.png
  artifactKey: Guid(ef372c839ea94ea4b83b920651b5f304) Importer(815301076,1909f56bfc062723c751e8b465ee728b)
Start importing Assets/Cenas/Tiles/Tile (9) 1.png using Guid(ef372c839ea94ea4b83b920651b5f304) Importer(815301076,1909f56bfc062723c751e8b465ee728b)  -> (artifact id: '620e0f94faa4af206b80517510e43b13') in 0.020440 seconds 
  Import took 0.023680 seconds .

========================================================================
Received Import Request.
  Time since last request: 0.000355 seconds.
  path: Assets/Cenas/Tiles/Tile (14) 1.png
  artifactKey: Guid(ab79238706626634a8d068a04c53e8dc) Importer(815301076,1909f56bfc062723c751e8b465ee728b)
Start importing Assets/Cenas/Tiles/Tile (14) 1.png using Guid(ab79238706626634a8d068a04c53e8dc) Importer(815301076,1909f56bfc062723c751e8b465ee728b)  -> (artifact id: '463bb21b9722d768c3bc7b5df5bd7086') in 0.023531 seconds 
  Import took 0.027064 seconds .

========================================================================
Received Import Request.
  Time since last request: 0.000345 seconds.
  path: Assets/Cenas/Tiles/Tile (12) 1.png
  artifactKey: Guid(8a04023366c08d542979459b73bdb7ca) Importer(815301076,1909f56bfc062723c751e8b465ee728b)
Start importing Assets/Cenas/Tiles/Tile (12) 1.png using Guid(8a04023366c08d542979459b73bdb7ca) Importer(815301076,1909f56bfc062723c751e8b465ee728b)  -> (artifact id: '4db10a978543319ae3075dfae5a35959') in 0.022796 seconds 
  Import took 0.026540 seconds .

========================================================================
Received Import Request.
  Time since last request: 0.000393 seconds.
  path: Assets/Cenas/Tiles/Tile (4) 1.png
  artifactKey: Guid(fc30ac2cb2d44294fac6abcefe9124e9) Importer(815301076,1909f56bfc062723c751e8b465ee728b)
Start importing Assets/Cenas/Tiles/Tile (4) 1.png using Guid(fc30ac2cb2d44294fac6abcefe9124e9) Importer(815301076,1909f56bfc062723c751e8b465ee728b)  -> (artifact id: '318c07300527ee29aa94030a9b4f35b8') in 0.020628 seconds 
  Import took 0.024343 seconds .

========================================================================
Received Import Request.
  Time since last request: 0.000347 seconds.
  path: Assets/Cenas/Tiles/Tile (15) 1.png
  artifactKey: Guid(311ef5241aed19d46b6b6eaf096231f3) Importer(815301076,1909f56bfc062723c751e8b465ee728b)
Start importing Assets/Cenas/Tiles/Tile (15) 1.png using Guid(311ef5241aed19d46b6b6eaf096231f3) Importer(815301076,1909f56bfc062723c751e8b465ee728b)  -> (artifact id: '6f3ca5cfa597e45dc5fe847b12e75079') in 0.022233 seconds 
  Import took 0.026437 seconds .

========================================================================
Received Import Request.
  Time since last request: 0.000329 seconds.
  path: Assets/Cenas/Tiles/Tile (10) 1.png
  artifactKey: Guid(223d6fb8e864b144495ba23dde0bdf30) Importer(815301076,1909f56bfc062723c751e8b465ee728b)
Start importing Assets/Cenas/Tiles/Tile (10) 1.png using Guid(223d6fb8e864b144495ba23dde0bdf30) Importer(815301076,1909f56bfc062723c751e8b465ee728b)  -> (artifact id: '9021f5e3032cedcc58b219924c115071') in 0.020287 seconds 
  Import took 0.023878 seconds .

========================================================================
Received Import Request.
  Time since last request: 0.000367 seconds.
  path: Assets/Cenas/Tiles/Tile (13) 1.png
  artifactKey: Guid(608c25fdc4079c943a4ff09b2e03b2d1) Importer(815301076,1909f56bfc062723c751e8b465ee728b)
Start importing Assets/Cenas/Tiles/Tile (13) 1.png using Guid(608c25fdc4079c943a4ff09b2e03b2d1) Importer(815301076,1909f56bfc062723c751e8b465ee728b)  -> (artifact id: 'fbebbb51d7cc645de516495b23c11b22') in 0.026573 seconds 
  Import took 0.030620 seconds .

========================================================================
Received Import Request.
  Time since last request: 0.000339 seconds.
  path: Assets/Cenas/Tiles/Tile (11) 1.png
  artifactKey: Guid(8cbad841fd7f1f64ebcc4349295baedf) Importer(815301076,1909f56bfc062723c751e8b465ee728b)
Start importing Assets/Cenas/Tiles/Tile (11) 1.png using Guid(8cbad841fd7f1f64ebcc4349295baedf) Importer(815301076,1909f56bfc062723c751e8b465ee728b)  -> (artifact id: '1f579617a759fbb96c09d6966447bc55') in 0.019635 seconds 
  Import took 0.022927 seconds .

========================================================================
Received Import Request.
  Time since last request: 0.000303 seconds.
  path: Assets/Cenas/Tiles/Bone (3) 1.png
  artifactKey: Guid(572d1c3e8e956a5499a28ce10ed75928) Importer(815301076,1909f56bfc062723c751e8b465ee728b)
Start importing Assets/Cenas/Tiles/Bone (3) 1.png using Guid(572d1c3e8e956a5499a28ce10ed75928) Importer(815301076,1909f56bfc062723c751e8b465ee728b)  -> (artifact id: 'f01731a0d3a5698850a9cccea937a0fc') in 0.019808 seconds 
  Import took 0.023211 seconds .

========================================================================
Received Import Request.
  Time since last request: 0.000291 seconds.
  path: Assets/Cenas/Tiles/Tile (6) 1.png
  artifactKey: Guid(4017349743fcc5a498de6809255eb64a) Importer(815301076,1909f56bfc062723c751e8b465ee728b)
Start importing Assets/Cenas/Tiles/Tile (6) 1.png using Guid(4017349743fcc5a498de6809255eb64a) Importer(815301076,1909f56bfc062723c751e8b465ee728b)  -> (artifact id: '9ad962cd13fa9f3708da0f03b35ddeee') in 0.021626 seconds 
  Import took 0.025115 seconds .

========================================================================
Received Import Request.
  Time since last request: 0.000299 seconds.
  path: Assets/Cenas/Tiles/Tile (16) 1.png
  artifactKey: Guid(5fc26ecff2cc25b4eb5af1fb1a07014c) Importer(815301076,1909f56bfc062723c751e8b465ee728b)
Start importing Assets/Cenas/Tiles/Tile (16) 1.png using Guid(5fc26ecff2cc25b4eb5af1fb1a07014c) Importer(815301076,1909f56bfc062723c751e8b465ee728b)  -> (artifact id: 'ed1ebd99b6277724eec62b8a0c19871a') in 0.021731 seconds 
  Import took 0.025820 seconds .

========================================================================
Received Import Request.
  Time since last request: 0.000292 seconds.
  path: Assets/Cenas/Tiles/Tile (3) 1.png
  artifactKey: Guid(39d8df93d54a9ed48b5c32a5aab226fc) Importer(815301076,1909f56bfc062723c751e8b465ee728b)
Start importing Assets/Cenas/Tiles/Tile (3) 1.png using Guid(39d8df93d54a9ed48b5c32a5aab226fc) Importer(815301076,1909f56bfc062723c751e8b465ee728b)  -> (artifact id: '0d0487a6e309db386597704eae5c0c37') in 0.019426 seconds 
  Import took 0.022509 seconds .

========================================================================
Received Import Request.
  Time since last request: 0.000344 seconds.
  path: Assets/Cenas/Tiles/Tile (8) 1.png
  artifactKey: Guid(bb275f67d5611c94bbef086caab758c7) Importer(815301076,1909f56bfc062723c751e8b465ee728b)
Start importing Assets/Cenas/Tiles/Tile (8) 1.png using Guid(bb275f67d5611c94bbef086caab758c7) Importer(815301076,1909f56bfc062723c751e8b465ee728b)  -> (artifact id: 'a30ea96d79fed84beb29a8e11800cc4e') in 0.022826 seconds 
  Import took 0.026250 seconds .

========================================================================
Received Import Request.
  Time since last request: 0.000298 seconds.
  path: Assets/Cenas/Tiles/Bone (4) 1.png
  artifactKey: Guid(8146c95e05c0fa641894a65d44c4e7d7) Importer(815301076,1909f56bfc062723c751e8b465ee728b)
Start importing Assets/Cenas/Tiles/Bone (4) 1.png using Guid(8146c95e05c0fa641894a65d44c4e7d7) Importer(815301076,1909f56bfc062723c751e8b465ee728b)  -> (artifact id: '83a057540a1a5b25abc4c1310bef09ae') in 0.019947 seconds 
  Import took 0.023816 seconds .

========================================================================
Received Import Request.
  Time since last request: 515.695618 seconds.
  path: Assets/Cenas/Tiles/PaletaCemiterio.prefab
  artifactKey: Guid(86c41694092474d418115f94db0e4df9) Importer(815301076,1909f56bfc062723c751e8b465ee728b)
Start importing Assets/Cenas/Tiles/PaletaCemiterio.prefab using Guid(86c41694092474d418115f94db0e4df9) Importer(815301076,1909f56bfc062723c751e8b465ee728b)  -> (artifact id: 'ad6098f05ca9673ba2293d69a6d01826') in 0.052145 seconds 
  Import took 0.056071 seconds .

========================================================================
Received Import Request.
  Time since last request: 132.621843 seconds.
  path: Assets/Cenas/Tiles/Bone (1) 1.asset
  artifactKey: Guid(26ee3a1aa4524c64c996228894643a28) Importer(815301076,1909f56bfc062723c751e8b465ee728b)
Start importing Assets/Cenas/Tiles/Bone (1) 1.asset using Guid(26ee3a1aa4524c64c996228894643a28) Importer(815301076,1909f56bfc062723c751e8b465ee728b)  -> (artifact id: 'd66881753e04eac16427c0fd8cc86ba9') in 0.072365 seconds 
  Import took 0.076080 seconds .

========================================================================
Received Import Request.
  Time since last request: 0.000310 seconds.
  path: Assets/Cenas/Tiles/Bone (4) 1.asset
  artifactKey: Guid(680b31cd9e08b0241bc6eebd7f59d1c3) Importer(815301076,1909f56bfc062723c751e8b465ee728b)
Start importing Assets/Cenas/Tiles/Bone (4) 1.asset using Guid(680b31cd9e08b0241bc6eebd7f59d1c3) Importer(815301076,1909f56bfc062723c751e8b465ee728b)  -> (artifact id: '2f0d1e0600640ba0cd2dbd0c0c9754f6') in 0.017097 seconds 
  Import took 0.020193 seconds .

========================================================================
Received Import Request.
  Time since last request: 0.000292 seconds.
  path: Assets/Cenas/Tiles/Tile (4) 1.asset
  artifactKey: Guid(7fd316c694cd0de47b24386d095c7390) Importer(815301076,1909f56bfc062723c751e8b465ee728b)
Start importing Assets/Cenas/Tiles/Tile (4) 1.asset using Guid(7fd316c694cd0de47b24386d095c7390) Importer(815301076,1909f56bfc062723c751e8b465ee728b)  -> (artifact id: '861b28e04dc747f0abdc1f00d05bdbb6') in 0.017895 seconds 
  Import took 0.021644 seconds .

========================================================================
Received Import Request.
  Time since last request: 0.000290 seconds.
  path: Assets/Cenas/Tiles/Tile (5) 1.asset
  artifactKey: Guid(844547426412bde41b3a6ad9dd50ade8) Importer(815301076,1909f56bfc062723c751e8b465ee728b)
Start importing Assets/Cenas/Tiles/Tile (5) 1.asset using Guid(844547426412bde41b3a6ad9dd50ade8) Importer(815301076,1909f56bfc062723c751e8b465ee728b)  -> (artifact id: '8ed6bc92753a5019ab201fb0588e65ac') in 0.018062 seconds 
  Import took 0.021615 seconds .

========================================================================
Received Import Request.
  Time since last request: 0.000349 seconds.
  path: Assets/Cenas/Tiles/Tile (1) 1.asset
  artifactKey: Guid(b13cb8b0b0c9225438722506ed0b641d) Importer(815301076,1909f56bfc062723c751e8b465ee728b)
Start importing Assets/Cenas/Tiles/Tile (1) 1.asset using Guid(b13cb8b0b0c9225438722506ed0b641d) Importer(815301076,1909f56bfc062723c751e8b465ee728b)  -> (artifact id: 'f6583460021ae1ad73655f87788ee735') in 0.017956 seconds 
  Import took 0.021590 seconds .

========================================================================
Received Import Request.
  Time since last request: 0.000282 seconds.
  path: Assets/Cenas/Tiles/Tile (3) 1.asset
  artifactKey: Guid(c715a03342282d14daf4914f1abf60ab) Importer(815301076,1909f56bfc062723c751e8b465ee728b)
Start importing Assets/Cenas/Tiles/Tile (3) 1.asset using Guid(c715a03342282d14daf4914f1abf60ab) Importer(815301076,1909f56bfc062723c751e8b465ee728b)  -> (artifact id: '6b43a118ddb6d90dbbe0fdb00cd0e9c0') in 0.019893 seconds 
  Import took 0.022979 seconds .

========================================================================
Received Import Request.
  Time since last request: 0.000293 seconds.
  path: Assets/Cenas/Tiles/Tile (11) 1.asset
  artifactKey: Guid(5e0e735b57789b144a04b57560e75bd9) Importer(815301076,1909f56bfc062723c751e8b465ee728b)
Start importing Assets/Cenas/Tiles/Tile (11) 1.asset using Guid(5e0e735b57789b144a04b57560e75bd9) Importer(815301076,1909f56bfc062723c751e8b465ee728b)  -> (artifact id: '2dc96057915da4c65fb1a3f8c48e3cfc') in 0.019017 seconds 
  Import took 0.022270 seconds .

========================================================================
Received Import Request.
  Time since last request: 0.000314 seconds.
  path: Assets/Cenas/Tiles/Tile (8) 1.asset
  artifactKey: Guid(4822db9175efc8c46951b77ca2b722c7) Importer(815301076,1909f56bfc062723c751e8b465ee728b)
Start importing Assets/Cenas/Tiles/Tile (8) 1.asset using Guid(4822db9175efc8c46951b77ca2b722c7) Importer(815301076,1909f56bfc062723c751e8b465ee728b)  -> (artifact id: '556ad472cd5566f435f1547e250f8151') in 0.015407 seconds 
  Import took 0.018829 seconds .

========================================================================
Received Import Request.
  Time since last request: 0.000293 seconds.
  path: Assets/Cenas/Tiles/Tile (16) 1.asset
  artifactKey: Guid(d492d5156acb8a74bb5a7853a678181c) Importer(815301076,1909f56bfc062723c751e8b465ee728b)
Start importing Assets/Cenas/Tiles/Tile (16) 1.asset using Guid(d492d5156acb8a74bb5a7853a678181c) Importer(815301076,1909f56bfc062723c751e8b465ee728b)  -> (artifact id: '270501bd1dbf9605f2bff2ccf288933b') in 0.015848 seconds 
  Import took 0.019176 seconds .

========================================================================
Received Import Request.
  Time since last request: 0.000306 seconds.
  path: Assets/Cenas/Tiles/Bone (2) 1.asset
  artifactKey: Guid(c04175b62675d514a9ab295939769628) Importer(815301076,1909f56bfc062723c751e8b465ee728b)
Start importing Assets/Cenas/Tiles/Bone (2) 1.asset using Guid(c04175b62675d514a9ab295939769628) Importer(815301076,1909f56bfc062723c751e8b465ee728b)  -> (artifact id: '28981c0878140be61714e3e6eb77ac69') in 0.015527 seconds 
  Import took 0.019095 seconds .

========================================================================
Received Import Request.
  Time since last request: 0.000297 seconds.
  path: Assets/Cenas/Tiles/Tile (16).asset
  artifactKey: Guid(1c3a5478cd1f37744bc95058fc438735) Importer(815301076,1909f56bfc062723c751e8b465ee728b)
Start importing Assets/Cenas/Tiles/Tile (16).asset using Guid(1c3a5478cd1f37744bc95058fc438735) Importer(815301076,1909f56bfc062723c751e8b465ee728b)  -> (artifact id: '7b27f8f45bf22feffed5ebc7cf9669f9') in 0.011513 seconds 
  Import took 0.015445 seconds .

========================================================================
Received Import Request.
  Time since last request: 0.000328 seconds.
  path: Assets/Cenas/Tiles/Tile (15) 1.asset
  artifactKey: Guid(1c8edc505f06fdd45b1ea78968bbd45e) Importer(815301076,1909f56bfc062723c751e8b465ee728b)
Start importing Assets/Cenas/Tiles/Tile (15) 1.asset using Guid(1c8edc505f06fdd45b1ea78968bbd45e) Importer(815301076,1909f56bfc062723c751e8b465ee728b)  -> (artifact id: '91b7f338b6fd0769e76e89bbfde9fa3d') in 0.020460 seconds 
  Import took 0.024484 seconds .

========================================================================
Received Import Request.
  Time since last request: 0.000298 seconds.
  path: Assets/Cenas/Tiles/Tile (6) 1.asset
  artifactKey: Guid(9591a8464b7fe5f4698632cae7bc97f7) Importer(815301076,1909f56bfc062723c751e8b465ee728b)
Start importing Assets/Cenas/Tiles/Tile (6) 1.asset using Guid(9591a8464b7fe5f4698632cae7bc97f7) Importer(815301076,1909f56bfc062723c751e8b465ee728b)  -> (artifact id: '0f6e073eeb32afff28550730d4a7324f') in 0.016078 seconds 
  Import took 0.019159 seconds .

========================================================================
Received Import Request.
  Time since last request: 0.000321 seconds.
  path: Assets/Cenas/Tiles/Tile (14) 1.asset
  artifactKey: Guid(162fa5017c4f2624fa861cb093276861) Importer(815301076,1909f56bfc062723c751e8b465ee728b)
Start importing Assets/Cenas/Tiles/Tile (14) 1.asset using Guid(162fa5017c4f2624fa861cb093276861) Importer(815301076,1909f56bfc062723c751e8b465ee728b)  -> (artifact id: '89bdd757f1d2dc55863a737877c78c1a') in 0.015248 seconds 
  Import took 0.019126 seconds .

========================================================================
Received Import Request.
  Time since last request: 0.000283 seconds.
  path: Assets/Cenas/Tiles/Tile (10) 1.asset
  artifactKey: Guid(886879d72d43f574e886d800d0c6ec91) Importer(815301076,1909f56bfc062723c751e8b465ee728b)
Start importing Assets/Cenas/Tiles/Tile (10) 1.asset using Guid(886879d72d43f574e886d800d0c6ec91) Importer(815301076,1909f56bfc062723c751e8b465ee728b)  -> (artifact id: '43c99d0fde2fc7f4aeb3d2aae3d4e4e6') in 0.017049 seconds 
  Import took 0.020561 seconds .

========================================================================
Received Import Request.
  Time since last request: 0.000275 seconds.
  path: Assets/Cenas/Tiles/Tile (13) 1.asset
  artifactKey: Guid(474141677d228274696b33d8301be908) Importer(815301076,1909f56bfc062723c751e8b465ee728b)
Start importing Assets/Cenas/Tiles/Tile (13) 1.asset using Guid(474141677d228274696b33d8301be908) Importer(815301076,1909f56bfc062723c751e8b465ee728b)  -> (artifact id: 'af28edf2115a3dc90e8ed67077f81029') in 0.016203 seconds 
  Import took 0.019337 seconds .

========================================================================
Received Import Request.
  Time since last request: 0.000308 seconds.
  path: Assets/Cenas/Tiles/Tile (2) 1.asset
  artifactKey: Guid(25210efea9de92b4493b0c1868137c7e) Importer(815301076,1909f56bfc062723c751e8b465ee728b)
Start importing Assets/Cenas/Tiles/Tile (2) 1.asset using Guid(25210efea9de92b4493b0c1868137c7e) Importer(815301076,1909f56bfc062723c751e8b465ee728b)  -> (artifact id: 'c8b302dad78bada2250ce33ba145142a') in 0.016095 seconds 
  Import took 0.019239 seconds .

========================================================================
Received Import Request.
  Time since last request: 0.000312 seconds.
  path: Assets/Cenas/Tiles/Bone (3) 1.asset
  artifactKey: Guid(34214689eb08d094f932392e0042cb27) Importer(815301076,1909f56bfc062723c751e8b465ee728b)
Start importing Assets/Cenas/Tiles/Bone (3) 1.asset using Guid(34214689eb08d094f932392e0042cb27) Importer(815301076,1909f56bfc062723c751e8b465ee728b)  -> (artifact id: '1813e5ae493957989957b08f3b888979') in 0.015518 seconds 
  Import took 0.019566 seconds .

========================================================================
Received Import Request.
  Time since last request: 0.000304 seconds.
  path: Assets/Cenas/Tiles/Tile (7) 1.asset
  artifactKey: Guid(e81466a102d7bbf438f0ff271c55178a) Importer(815301076,1909f56bfc062723c751e8b465ee728b)
Start importing Assets/Cenas/Tiles/Tile (7) 1.asset using Guid(e81466a102d7bbf438f0ff271c55178a) Importer(815301076,1909f56bfc062723c751e8b465ee728b)  -> (artifact id: 'c6a0f14dc6bb529461f100306e355347') in 0.016131 seconds 
  Import took 0.019552 seconds .

========================================================================
Received Import Request.
  Time since last request: 0.000299 seconds.
  path: Assets/Cenas/Tiles/Tile (12) 1.asset
  artifactKey: Guid(337829264d68ed24bbe875c4ad039713) Importer(815301076,1909f56bfc062723c751e8b465ee728b)
Start importing Assets/Cenas/Tiles/Tile (12) 1.asset using Guid(337829264d68ed24bbe875c4ad039713) Importer(815301076,1909f56bfc062723c751e8b465ee728b)  -> (artifact id: 'c31a21c20d16ae0db0a31f78a7d5be32') in 0.016463 seconds 
  Import took 0.020691 seconds .

========================================================================
Received Import Request.
  Time since last request: 0.000287 seconds.
  path: Assets/Cenas/Tiles/Tile (9) 1.asset
  artifactKey: Guid(a3a7880993da5b44f9729632c1bd1ce9) Importer(815301076,1909f56bfc062723c751e8b465ee728b)
Start importing Assets/Cenas/Tiles/Tile (9) 1.asset using Guid(a3a7880993da5b44f9729632c1bd1ce9) Importer(815301076,1909f56bfc062723c751e8b465ee728b)  -> (artifact id: '9a7cf37085831ed294c9678bc87cb8c0') in 0.017435 seconds 
  Import took 0.020757 seconds .

========================================================================
Received Import Request.
  Time since last request: 0.000360 seconds.
  path: Assets/Cenas/Tiles/PaletaCemiterio.prefab
  artifactKey: Guid(86c41694092474d418115f94db0e4df9) Importer(815301076,1909f56bfc062723c751e8b465ee728b)
Start importing Assets/Cenas/Tiles/PaletaCemiterio.prefab using Guid(86c41694092474d418115f94db0e4df9) Importer(815301076,1909f56bfc062723c751e8b465ee728b)  -> (artifact id: '62bf7af2157396d5397e36af89e32d34') in 0.041207 seconds 
  Import took 0.045382 seconds .

========================================================================
Received Import Request.
  Time since last request: 93.545215 seconds.
  path: Assets/Cenas/Tiles/PaletaCemiterio.prefab
  artifactKey: Guid(86c41694092474d418115f94db0e4df9) Importer(815301076,1909f56bfc062723c751e8b465ee728b)
Start importing Assets/Cenas/Tiles/PaletaCemiterio.prefab using Guid(86c41694092474d418115f94db0e4df9) Importer(815301076,1909f56bfc062723c751e8b465ee728b)  -> (artifact id: 'ae048c3dada886e2dd0e16cf0595221a') in 0.037571 seconds 
  Import took 0.041613 seconds .

========================================================================
Received Prepare
Registering precompiled user dll's ...
Registered in 0.004479 seconds.
Begin MonoManager ReloadAssembly
Native extension for WindowsStandalone target not found
Native extension for WebGL target not found
Refreshing native plugins compatible for Editor in 0.52 ms, found 3 plugins.
Preloading 0 native plugins for Editor in 0.00 ms.
Mono: successfully reloaded assembly
- Completed reload, in  1.093 seconds
Domain Reload Profiling:
	ReloadAssembly (1094ms)
		BeginReloadAssembly (130ms)
			ExecutionOrderSort (0ms)
			DisableScriptedObjects (7ms)
			BackupInstance (0ms)
			ReleaseScriptingObjects (0ms)
			CreateAndSetChildDomain (35ms)
		EndReloadAssembly (900ms)
			LoadAssemblies (118ms)
			RebuildTransferFunctionScriptingTraits (0ms)
			SetupTypeCache (328ms)
			ReleaseScriptCaches (1ms)
			RebuildScriptCaches (50ms)
			SetupLoadedEditorAssemblies (308ms)
				LogAssemblyErrors (0ms)
				InitializePlatformSupportModulesInManaged (6ms)
				SetLoadedEditorAssemblies (1ms)
				RefreshPlugins (1ms)
				BeforeProcessingInitializeOnLoad (61ms)
				ProcessInitializeOnLoadAttributes (225ms)
				ProcessInitializeOnLoadMethodAttributes (12ms)
				AfterProcessingInitializeOnLoad (2ms)
				EditorAssembliesLoaded (0ms)
			ExecutionOrderSort2 (0ms)
			AwakeInstancesAfterBackupRestoration (10ms)
Platform modules already initialized, skipping
Refreshing native plugins compatible for Editor in 0.52 ms, found 3 plugins.
Preloading 0 native plugins for Editor in 0.00 ms.
Unloading 2189 Unused Serialized files (Serialized files now loaded: 0)
System memory in use before: 98.6 MB.
System memory in use after: 98.7 MB.

Unloading 17 unused Assets to reduce memory usage. Loaded Objects now: 2657.
Total: 3.277100 ms (FindLiveObjects: 0.196400 ms CreateObjectMapping: 0.056000 ms MarkObjects: 3.007100 ms  DeleteObjects: 0.016400 ms)

AssetImportParameters requested are different than current active one (requested -> active):
  custom:framework-win-MediaFoundation: 216162199b28c13a410421893ffa2e32 -> 
  custom:video-decoder-ogg-theora: a1e56fd34408186e4bbccfd4996cb3dc -> 
  custom:container-muxer-webm: aa71ff27fc2769a1b78a27578f13a17b -> 
  custom:container-demuxer-webm: 4f35f7cbe854078d1ac9338744f61a02 -> 
  custom:container-demuxer-ogg: 62fdf1f143b41e24485cea50d1cbac27 -> 
  custom:video-encoder-webm-vp8: eb34c28f22e8b96e1ab97ce403110664 -> 
  custom:video-decoder-webm-vp8: 9c59270c3fd7afecdb556c50c9e8de78 -> 
  custom:audio-decoder-ogg-vorbis: bf7c407c2cedff20999df2af8eb42d56 -> 
  custom:audio-encoder-webm-vorbis: bf7c407c2cedff20999df2af8eb42d56 -> 
========================================================================
Received Prepare
Registering precompiled user dll's ...
Registered in 0.004502 seconds.
Begin MonoManager ReloadAssembly
Native extension for WindowsStandalone target not found
Native extension for WebGL target not found
Refreshing native plugins compatible for Editor in 0.55 ms, found 3 plugins.
Preloading 0 native plugins for Editor in 0.00 ms.
Mono: successfully reloaded assembly
- Completed reload, in  1.121 seconds
Domain Reload Profiling:
	ReloadAssembly (1121ms)
		BeginReloadAssembly (144ms)
			ExecutionOrderSort (0ms)
			DisableScriptedObjects (7ms)
			BackupInstance (0ms)
			ReleaseScriptingObjects (0ms)
			CreateAndSetChildDomain (34ms)
		EndReloadAssembly (908ms)
			LoadAssemblies (128ms)
			RebuildTransferFunctionScriptingTraits (0ms)
			SetupTypeCache (326ms)
			ReleaseScriptCaches (1ms)
			RebuildScriptCaches (48ms)
			SetupLoadedEditorAssemblies (310ms)
				LogAssemblyErrors (0ms)
				InitializePlatformSupportModulesInManaged (6ms)
				SetLoadedEditorAssemblies (1ms)
				RefreshPlugins (1ms)
				BeforeProcessingInitializeOnLoad (57ms)
				ProcessInitializeOnLoadAttributes (231ms)
				ProcessInitializeOnLoadMethodAttributes (13ms)
				AfterProcessingInitializeOnLoad (2ms)
				EditorAssembliesLoaded (0ms)
			ExecutionOrderSort2 (0ms)
			AwakeInstancesAfterBackupRestoration (10ms)
Platform modules already initialized, skipping
Refreshing native plugins compatible for Editor in 0.68 ms, found 3 plugins.
Preloading 0 native plugins for Editor in 0.00 ms.
Unloading 2189 Unused Serialized files (Serialized files now loaded: 0)
System memory in use before: 98.6 MB.
System memory in use after: 98.7 MB.

Unloading 17 unused Assets to reduce memory usage. Loaded Objects now: 2659.
Total: 4.020100 ms (FindLiveObjects: 0.218700 ms CreateObjectMapping: 0.057900 ms MarkObjects: 3.721600 ms  DeleteObjects: 0.020500 ms)

AssetImportParameters requested are different than current active one (requested -> active):
  custom:framework-win-MediaFoundation: 216162199b28c13a410421893ffa2e32 -> 
  custom:video-decoder-ogg-theora: a1e56fd34408186e4bbccfd4996cb3dc -> 
  custom:container-muxer-webm: aa71ff27fc2769a1b78a27578f13a17b -> 
  custom:container-demuxer-webm: 4f35f7cbe854078d1ac9338744f61a02 -> 
  custom:container-demuxer-ogg: 62fdf1f143b41e24485cea50d1cbac27 -> 
  custom:video-encoder-webm-vp8: eb34c28f22e8b96e1ab97ce403110664 -> 
  custom:video-decoder-webm-vp8: 9c59270c3fd7afecdb556c50c9e8de78 -> 
  custom:audio-decoder-ogg-vorbis: bf7c407c2cedff20999df2af8eb42d56 -> 
  custom:audio-encoder-webm-vorbis: bf7c407c2cedff20999df2af8eb42d56 -> 
========================================================================
Received Prepare
Registering precompiled user dll's ...
Registered in 0.005140 seconds.
Begin MonoManager ReloadAssembly
Native extension for WindowsStandalone target not found
Native extension for WebGL target not found
Refreshing native plugins compatible for Editor in 0.54 ms, found 3 plugins.
Preloading 0 native plugins for Editor in 0.00 ms.
Mono: successfully reloaded assembly
- Completed reload, in  1.096 seconds
Domain Reload Profiling:
	ReloadAssembly (1097ms)
		BeginReloadAssembly (141ms)
			ExecutionOrderSort (0ms)
			DisableScriptedObjects (7ms)
			BackupInstance (0ms)
			ReleaseScriptingObjects (0ms)
			CreateAndSetChildDomain (34ms)
		EndReloadAssembly (884ms)
			LoadAssemblies (122ms)
			RebuildTransferFunctionScriptingTraits (0ms)
			SetupTypeCache (316ms)
			ReleaseScriptCaches (1ms)
			RebuildScriptCaches (44ms)
			SetupLoadedEditorAssemblies (305ms)
				LogAssemblyErrors (0ms)
				InitializePlatformSupportModulesInManaged (6ms)
				SetLoadedEditorAssemblies (1ms)
				RefreshPlugins (1ms)
				BeforeProcessingInitializeOnLoad (59ms)
				ProcessInitializeOnLoadAttributes (225ms)
				ProcessInitializeOnLoadMethodAttributes (12ms)
				AfterProcessingInitializeOnLoad (2ms)
				EditorAssembliesLoaded (0ms)
			ExecutionOrderSort2 (0ms)
			AwakeInstancesAfterBackupRestoration (11ms)
Platform modules already initialized, skipping
Refreshing native plugins compatible for Editor in 0.54 ms, found 3 plugins.
Preloading 0 native plugins for Editor in 0.00 ms.
Unloading 2189 Unused Serialized files (Serialized files now loaded: 0)
System memory in use before: 98.6 MB.
System memory in use after: 98.7 MB.

Unloading 17 unused Assets to reduce memory usage. Loaded Objects now: 2661.
Total: 3.261300 ms (FindLiveObjects: 0.194500 ms CreateObjectMapping: 0.055900 ms MarkObjects: 2.991700 ms  DeleteObjects: 0.018200 ms)

AssetImportParameters requested are different than current active one (requested -> active):
  custom:framework-win-MediaFoundation: 216162199b28c13a410421893ffa2e32 -> 
  custom:video-decoder-ogg-theora: a1e56fd34408186e4bbccfd4996cb3dc -> 
  custom:container-muxer-webm: aa71ff27fc2769a1b78a27578f13a17b -> 
  custom:container-demuxer-webm: 4f35f7cbe854078d1ac9338744f61a02 -> 
  custom:container-demuxer-ogg: 62fdf1f143b41e24485cea50d1cbac27 -> 
  custom:video-encoder-webm-vp8: eb34c28f22e8b96e1ab97ce403110664 -> 
  custom:video-decoder-webm-vp8: 9c59270c3fd7afecdb556c50c9e8de78 -> 
  custom:audio-decoder-ogg-vorbis: bf7c407c2cedff20999df2af8eb42d56 -> 
  custom:audio-encoder-webm-vorbis: bf7c407c2cedff20999df2af8eb42d56 -> 
========================================================================
Received Prepare
Registering precompiled user dll's ...
Registered in 0.005429 seconds.
Begin MonoManager ReloadAssembly
Native extension for WindowsStandalone target not found
Native extension for WebGL target not found
Refreshing native plugins compatible for Editor in 0.55 ms, found 3 plugins.
Preloading 0 native plugins for Editor in 0.00 ms.
Mono: successfully reloaded assembly
- Completed reload, in  1.163 seconds
Domain Reload Profiling:
	ReloadAssembly (1163ms)
		BeginReloadAssembly (149ms)
			ExecutionOrderSort (0ms)
			DisableScriptedObjects (9ms)
			BackupInstance (0ms)
			ReleaseScriptingObjects (0ms)
			CreateAndSetChildDomain (37ms)
		EndReloadAssembly (941ms)
			LoadAssemblies (144ms)
			RebuildTransferFunctionScriptingTraits (0ms)
			SetupTypeCache (332ms)
			ReleaseScriptCaches (1ms)
			RebuildScriptCaches (51ms)
			SetupLoadedEditorAssemblies (329ms)
				LogAssemblyErrors (0ms)
				InitializePlatformSupportModulesInManaged (6ms)
				SetLoadedEditorAssemblies (1ms)
				RefreshPlugins (1ms)
				BeforeProcessingInitializeOnLoad (61ms)
				ProcessInitializeOnLoadAttributes (245ms)
				ProcessInitializeOnLoadMethodAttributes (14ms)
				AfterProcessingInitializeOnLoad (2ms)
				EditorAssembliesLoaded (0ms)
			ExecutionOrderSort2 (0ms)
			AwakeInstancesAfterBackupRestoration (11ms)
Platform modules already initialized, skipping
Refreshing native plugins compatible for Editor in 0.55 ms, found 3 plugins.
Preloading 0 native plugins for Editor in 0.00 ms.
Unloading 2189 Unused Serialized files (Serialized files now loaded: 0)
System memory in use before: 98.6 MB.
System memory in use after: 98.7 MB.

Unloading 17 unused Assets to reduce memory usage. Loaded Objects now: 2663.
Total: 3.817100 ms (FindLiveObjects: 0.234200 ms CreateObjectMapping: 0.066700 ms MarkObjects: 3.479900 ms  DeleteObjects: 0.033700 ms)

AssetImportParameters requested are different than current active one (requested -> active):
  custom:framework-win-MediaFoundation: 216162199b28c13a410421893ffa2e32 -> 
  custom:video-decoder-ogg-theora: a1e56fd34408186e4bbccfd4996cb3dc -> 
  custom:container-muxer-webm: aa71ff27fc2769a1b78a27578f13a17b -> 
  custom:container-demuxer-webm: 4f35f7cbe854078d1ac9338744f61a02 -> 
  custom:container-demuxer-ogg: 62fdf1f143b41e24485cea50d1cbac27 -> 
  custom:video-encoder-webm-vp8: eb34c28f22e8b96e1ab97ce403110664 -> 
  custom:video-decoder-webm-vp8: 9c59270c3fd7afecdb556c50c9e8de78 -> 
  custom:audio-decoder-ogg-vorbis: bf7c407c2cedff20999df2af8eb42d56 -> 
  custom:audio-encoder-webm-vorbis: bf7c407c2cedff20999df2af8eb42d56 -> 
========================================================================
Received Prepare
Registering precompiled user dll's ...
Registered in 0.005445 seconds.
Begin MonoManager ReloadAssembly
Native extension for WindowsStandalone target not found
Native extension for WebGL target not found
Refreshing native plugins compatible for Editor in 0.57 ms, found 3 plugins.
Preloading 0 native plugins for Editor in 0.00 ms.
Mono: successfully reloaded assembly
- Completed reload, in  1.169 seconds
Domain Reload Profiling:
	ReloadAssembly (1169ms)
		BeginReloadAssembly (149ms)
			ExecutionOrderSort (0ms)
			DisableScriptedObjects (7ms)
			BackupInstance (0ms)
			ReleaseScriptingObjects (0ms)
			CreateAndSetChildDomain (36ms)
		EndReloadAssembly (953ms)
			LoadAssemblies (137ms)
			RebuildTransferFunctionScriptingTraits (0ms)
			SetupTypeCache (332ms)
			ReleaseScriptCaches (1ms)
			RebuildScriptCaches (51ms)
			SetupLoadedEditorAssemblies (325ms)
				LogAssemblyErrors (0ms)
				InitializePlatformSupportModulesInManaged (6ms)
				SetLoadedEditorAssemblies (1ms)
				RefreshPlugins (1ms)
				BeforeProcessingInitializeOnLoad (61ms)
				ProcessInitializeOnLoadAttributes (239ms)
				ProcessInitializeOnLoadMethodAttributes (13ms)
				AfterProcessingInitializeOnLoad (3ms)
				EditorAssembliesLoaded (0ms)
			ExecutionOrderSort2 (0ms)
			AwakeInstancesAfterBackupRestoration (13ms)
Platform modules already initialized, skipping
Refreshing native plugins compatible for Editor in 0.64 ms, found 3 plugins.
Preloading 0 native plugins for Editor in 0.00 ms.
Unloading 2189 Unused Serialized files (Serialized files now loaded: 0)
System memory in use before: 98.6 MB.
System memory in use after: 98.7 MB.

Unloading 17 unused Assets to reduce memory usage. Loaded Objects now: 2665.
Total: 4.105200 ms (FindLiveObjects: 0.252500 ms CreateObjectMapping: 0.059500 ms MarkObjects: 3.760400 ms  DeleteObjects: 0.031300 ms)

AssetImportParameters requested are different than current active one (requested -> active):
  custom:framework-win-MediaFoundation: 216162199b28c13a410421893ffa2e32 -> 
  custom:video-decoder-ogg-theora: a1e56fd34408186e4bbccfd4996cb3dc -> 
  custom:container-muxer-webm: aa71ff27fc2769a1b78a27578f13a17b -> 
  custom:container-demuxer-webm: 4f35f7cbe854078d1ac9338744f61a02 -> 
  custom:container-demuxer-ogg: 62fdf1f143b41e24485cea50d1cbac27 -> 
  custom:video-encoder-webm-vp8: eb34c28f22e8b96e1ab97ce403110664 -> 
  custom:video-decoder-webm-vp8: 9c59270c3fd7afecdb556c50c9e8de78 -> 
  custom:audio-decoder-ogg-vorbis: bf7c407c2cedff20999df2af8eb42d56 -> 
  custom:audio-encoder-webm-vorbis: bf7c407c2cedff20999df2af8eb42d56 -> 
========================================================================
Received Prepare
Registering precompiled user dll's ...
Registered in 0.005220 seconds.
Begin MonoManager ReloadAssembly
Native extension for WindowsStandalone target not found
Native extension for WebGL target not found
Refreshing native plugins compatible for Editor in 0.69 ms, found 3 plugins.
Preloading 0 native plugins for Editor in 0.00 ms.
Mono: successfully reloaded assembly
- Completed reload, in  1.176 seconds
Domain Reload Profiling:
	ReloadAssembly (1176ms)
		BeginReloadAssembly (146ms)
			ExecutionOrderSort (0ms)
			DisableScriptedObjects (7ms)
			BackupInstance (0ms)
			ReleaseScriptingObjects (0ms)
			CreateAndSetChildDomain (37ms)
		EndReloadAssembly (955ms)
			LoadAssemblies (134ms)
			RebuildTransferFunctionScriptingTraits (0ms)
			SetupTypeCache (336ms)
			ReleaseScriptCaches (1ms)
			RebuildScriptCaches (48ms)
			SetupLoadedEditorAssemblies (345ms)
				LogAssemblyErrors (0ms)
				InitializePlatformSupportModulesInManaged (6ms)
				SetLoadedEditorAssemblies (1ms)
				RefreshPlugins (1ms)
				BeforeProcessingInitializeOnLoad (66ms)
				ProcessInitializeOnLoadAttributes (256ms)
				ProcessInitializeOnLoadMethodAttributes (12ms)
				AfterProcessingInitializeOnLoad (2ms)
				EditorAssembliesLoaded (0ms)
			ExecutionOrderSort2 (0ms)
			AwakeInstancesAfterBackupRestoration (12ms)
Platform modules already initialized, skipping
Refreshing native plugins compatible for Editor in 0.55 ms, found 3 plugins.
Preloading 0 native plugins for Editor in 0.00 ms.
Unloading 2189 Unused Serialized files (Serialized files now loaded: 0)
System memory in use before: 98.6 MB.
System memory in use after: 98.7 MB.

Unloading 17 unused Assets to reduce memory usage. Loaded Objects now: 2667.
Total: 3.338900 ms (FindLiveObjects: 0.199500 ms CreateObjectMapping: 0.057500 ms MarkObjects: 3.050100 ms  DeleteObjects: 0.030900 ms)

AssetImportParameters requested are different than current active one (requested -> active):
  custom:framework-win-MediaFoundation: 216162199b28c13a410421893ffa2e32 -> 
  custom:video-decoder-ogg-theora: a1e56fd34408186e4bbccfd4996cb3dc -> 
  custom:container-muxer-webm: aa71ff27fc2769a1b78a27578f13a17b -> 
  custom:container-demuxer-webm: 4f35f7cbe854078d1ac9338744f61a02 -> 
  custom:container-demuxer-ogg: 62fdf1f143b41e24485cea50d1cbac27 -> 
  custom:video-encoder-webm-vp8: eb34c28f22e8b96e1ab97ce403110664 -> 
  custom:video-decoder-webm-vp8: 9c59270c3fd7afecdb556c50c9e8de78 -> 
  custom:audio-decoder-ogg-vorbis: bf7c407c2cedff20999df2af8eb42d56 -> 
  custom:audio-encoder-webm-vorbis: bf7c407c2cedff20999df2af8eb42d56 -> 
========================================================================
Received Prepare
Registering precompiled user dll's ...
Registered in 0.005272 seconds.
Begin MonoManager ReloadAssembly
Native extension for WindowsStandalone target not found
Native extension for WebGL target not found
Refreshing native plugins compatible for Editor in 0.55 ms, found 3 plugins.
Preloading 0 native plugins for Editor in 0.00 ms.
Mono: successfully reloaded assembly
- Completed reload, in  1.161 seconds
Domain Reload Profiling:
	ReloadAssembly (1162ms)
		BeginReloadAssembly (149ms)
			ExecutionOrderSort (0ms)
			DisableScriptedObjects (7ms)
			BackupInstance (0ms)
			ReleaseScriptingObjects (0ms)
			CreateAndSetChildDomain (37ms)
		EndReloadAssembly (947ms)
			LoadAssemblies (138ms)
			RebuildTransferFunctionScriptingTraits (0ms)
			SetupTypeCache (338ms)
			ReleaseScriptCaches (1ms)
			RebuildScriptCaches (46ms)
			SetupLoadedEditorAssemblies (333ms)
				LogAssemblyErrors (0ms)
				InitializePlatformSupportModulesInManaged (6ms)
				SetLoadedEditorAssemblies (1ms)
				RefreshPlugins (1ms)
				BeforeProcessingInitializeOnLoad (62ms)
				ProcessInitializeOnLoadAttributes (248ms)
				ProcessInitializeOnLoadMethodAttributes (13ms)
				AfterProcessingInitializeOnLoad (2ms)
				EditorAssembliesLoaded (0ms)
			ExecutionOrderSort2 (0ms)
			AwakeInstancesAfterBackupRestoration (12ms)
Platform modules already initialized, skipping
Refreshing native plugins compatible for Editor in 0.55 ms, found 3 plugins.
Preloading 0 native plugins for Editor in 0.00 ms.
Unloading 2189 Unused Serialized files (Serialized files now loaded: 0)
System memory in use before: 98.6 MB.
System memory in use after: 98.7 MB.

Unloading 17 unused Assets to reduce memory usage. Loaded Objects now: 2669.
Total: 3.453700 ms (FindLiveObjects: 0.211900 ms CreateObjectMapping: 0.054000 ms MarkObjects: 3.158300 ms  DeleteObjects: 0.028200 ms)

AssetImportParameters requested are different than current active one (requested -> active):
  custom:framework-win-MediaFoundation: 216162199b28c13a410421893ffa2e32 -> 
  custom:video-decoder-ogg-theora: a1e56fd34408186e4bbccfd4996cb3dc -> 
  custom:container-muxer-webm: aa71ff27fc2769a1b78a27578f13a17b -> 
  custom:container-demuxer-webm: 4f35f7cbe854078d1ac9338744f61a02 -> 
  custom:container-demuxer-ogg: 62fdf1f143b41e24485cea50d1cbac27 -> 
  custom:video-encoder-webm-vp8: eb34c28f22e8b96e1ab97ce403110664 -> 
  custom:video-decoder-webm-vp8: 9c59270c3fd7afecdb556c50c9e8de78 -> 
  custom:audio-decoder-ogg-vorbis: bf7c407c2cedff20999df2af8eb42d56 -> 
  custom:audio-encoder-webm-vorbis: bf7c407c2cedff20999df2af8eb42d56 -> 
========================================================================
Received Prepare
Registering precompiled user dll's ...
Registered in 0.005201 seconds.
Begin MonoManager ReloadAssembly
Native extension for WindowsStandalone target not found
Native extension for WebGL target not found
Refreshing native plugins compatible for Editor in 0.64 ms, found 3 plugins.
Preloading 0 native plugins for Editor in 0.00 ms.
Mono: successfully reloaded assembly
- Completed reload, in  1.178 seconds
Domain Reload Profiling:
	ReloadAssembly (1179ms)
		BeginReloadAssembly (141ms)
			ExecutionOrderSort (0ms)
			DisableScriptedObjects (7ms)
			BackupInstance (0ms)
			ReleaseScriptingObjects (0ms)
			CreateAndSetChildDomain (34ms)
		EndReloadAssembly (967ms)
			LoadAssemblies (131ms)
			RebuildTransferFunctionScriptingTraits (0ms)
			SetupTypeCache (343ms)
			ReleaseScriptCaches (1ms)
			RebuildScriptCaches (50ms)
			SetupLoadedEditorAssemblies (345ms)
				LogAssemblyErrors (0ms)
				InitializePlatformSupportModulesInManaged (6ms)
				SetLoadedEditorAssemblies (1ms)
				RefreshPlugins (1ms)
				BeforeProcessingInitializeOnLoad (70ms)
				ProcessInitializeOnLoadAttributes (252ms)
				ProcessInitializeOnLoadMethodAttributes (13ms)
				AfterProcessingInitializeOnLoad (2ms)
				EditorAssembliesLoaded (0ms)
			ExecutionOrderSort2 (0ms)
			AwakeInstancesAfterBackupRestoration (12ms)
Platform modules already initialized, skipping
Refreshing native plugins compatible for Editor in 0.67 ms, found 3 plugins.
Preloading 0 native plugins for Editor in 0.00 ms.
Unloading 2189 Unused Serialized files (Serialized files now loaded: 0)
System memory in use before: 98.6 MB.
System memory in use after: 98.7 MB.

Unloading 17 unused Assets to reduce memory usage. Loaded Objects now: 2671.
Total: 3.591800 ms (FindLiveObjects: 0.202300 ms CreateObjectMapping: 0.059500 ms MarkObjects: 3.292300 ms  DeleteObjects: 0.036500 ms)

AssetImportParameters requested are different than current active one (requested -> active):
  custom:framework-win-MediaFoundation: 216162199b28c13a410421893ffa2e32 -> 
  custom:video-decoder-ogg-theora: a1e56fd34408186e4bbccfd4996cb3dc -> 
  custom:container-muxer-webm: aa71ff27fc2769a1b78a27578f13a17b -> 
  custom:container-demuxer-webm: 4f35f7cbe854078d1ac9338744f61a02 -> 
  custom:container-demuxer-ogg: 62fdf1f143b41e24485cea50d1cbac27 -> 
  custom:video-encoder-webm-vp8: eb34c28f22e8b96e1ab97ce403110664 -> 
  custom:video-decoder-webm-vp8: 9c59270c3fd7afecdb556c50c9e8de78 -> 
  custom:audio-decoder-ogg-vorbis: bf7c407c2cedff20999df2af8eb42d56 -> 
  custom:audio-encoder-webm-vorbis: bf7c407c2cedff20999df2af8eb42d56 -> 
========================================================================
Received Prepare
Registering precompiled user dll's ...
Registered in 0.004674 seconds.
Begin MonoManager ReloadAssembly
Native extension for WindowsStandalone target not found
Native extension for WebGL target not found
Refreshing native plugins compatible for Editor in 0.90 ms, found 3 plugins.
Preloading 0 native plugins for Editor in 0.00 ms.
Mono: successfully reloaded assembly
- Completed reload, in  1.177 seconds
Domain Reload Profiling:
	ReloadAssembly (1178ms)
		BeginReloadAssembly (139ms)
			ExecutionOrderSort (0ms)
			DisableScriptedObjects (8ms)
			BackupInstance (0ms)
			ReleaseScriptingObjects (0ms)
			CreateAndSetChildDomain (34ms)
		EndReloadAssembly (976ms)
			LoadAssemblies (127ms)
			RebuildTransferFunctionScriptingTraits (0ms)
			SetupTypeCache (353ms)
			ReleaseScriptCaches (1ms)
			RebuildScriptCaches (49ms)
			SetupLoadedEditorAssemblies (345ms)
				LogAssemblyErrors (0ms)
				InitializePlatformSupportModulesInManaged (9ms)
				SetLoadedEditorAssemblies (1ms)
				RefreshPlugins (1ms)
				BeforeProcessingInitializeOnLoad (72ms)
				ProcessInitializeOnLoadAttributes (245ms)
				ProcessInitializeOnLoadMethodAttributes (14ms)
				AfterProcessingInitializeOnLoad (2ms)
				EditorAssembliesLoaded (0ms)
			ExecutionOrderSort2 (0ms)
			AwakeInstancesAfterBackupRestoration (11ms)
Platform modules already initialized, skipping
Refreshing native plugins compatible for Editor in 0.61 ms, found 3 plugins.
Preloading 0 native plugins for Editor in 0.00 ms.
Unloading 2189 Unused Serialized files (Serialized files now loaded: 0)
System memory in use before: 98.6 MB.
System memory in use after: 98.7 MB.

Unloading 17 unused Assets to reduce memory usage. Loaded Objects now: 2673.
Total: 3.360200 ms (FindLiveObjects: 0.239100 ms CreateObjectMapping: 0.057200 ms MarkObjects: 3.045800 ms  DeleteObjects: 0.017300 ms)

AssetImportParameters requested are different than current active one (requested -> active):
  custom:framework-win-MediaFoundation: 216162199b28c13a410421893ffa2e32 -> 
  custom:video-decoder-ogg-theora: a1e56fd34408186e4bbccfd4996cb3dc -> 
  custom:container-muxer-webm: aa71ff27fc2769a1b78a27578f13a17b -> 
  custom:container-demuxer-webm: 4f35f7cbe854078d1ac9338744f61a02 -> 
  custom:container-demuxer-ogg: 62fdf1f143b41e24485cea50d1cbac27 -> 
  custom:video-encoder-webm-vp8: eb34c28f22e8b96e1ab97ce403110664 -> 
  custom:video-decoder-webm-vp8: 9c59270c3fd7afecdb556c50c9e8de78 -> 
  custom:audio-decoder-ogg-vorbis: bf7c407c2cedff20999df2af8eb42d56 -> 
  custom:audio-encoder-webm-vorbis: bf7c407c2cedff20999df2af8eb42d56 -> 
========================================================================
Received Prepare
Registering precompiled user dll's ...
Registered in 0.004482 seconds.
Begin MonoManager ReloadAssembly
Native extension for WindowsStandalone target not found
Native extension for WebGL target not found
Refreshing native plugins compatible for Editor in 0.53 ms, found 3 plugins.
Preloading 0 native plugins for Editor in 0.00 ms.
Mono: successfully reloaded assembly
- Completed reload, in  1.138 seconds
Domain Reload Profiling:
	ReloadAssembly (1138ms)
		BeginReloadAssembly (139ms)
			ExecutionOrderSort (0ms)
			DisableScriptedObjects (10ms)
			BackupInstance (0ms)
			ReleaseScriptingObjects (0ms)
			CreateAndSetChildDomain (33ms)
		EndReloadAssembly (935ms)
			LoadAssemblies (122ms)
			RebuildTransferFunctionScriptingTraits (0ms)
			SetupTypeCache (329ms)
			ReleaseScriptCaches (1ms)
			RebuildScriptCaches (58ms)
			SetupLoadedEditorAssemblies (310ms)
				LogAssemblyErrors (0ms)
				InitializePlatformSupportModulesInManaged (6ms)
				SetLoadedEditorAssemblies (1ms)
				RefreshPlugins (1ms)
				BeforeProcessingInitializeOnLoad (59ms)
				ProcessInitializeOnLoadAttributes (230ms)
				ProcessInitializeOnLoadMethodAttributes (13ms)
				AfterProcessingInitializeOnLoad (2ms)
				EditorAssembliesLoaded (0ms)
			ExecutionOrderSort2 (0ms)
			AwakeInstancesAfterBackupRestoration (11ms)
Platform modules already initialized, skipping
Refreshing native plugins compatible for Editor in 0.54 ms, found 3 plugins.
Preloading 0 native plugins for Editor in 0.00 ms.
Unloading 2189 Unused Serialized files (Serialized files now loaded: 0)
System memory in use before: 98.6 MB.
System memory in use after: 98.7 MB.

Unloading 17 unused Assets to reduce memory usage. Loaded Objects now: 2675.
Total: 3.246600 ms (FindLiveObjects: 0.210000 ms CreateObjectMapping: 0.054000 ms MarkObjects: 2.966900 ms  DeleteObjects: 0.014800 ms)

AssetImportParameters requested are different than current active one (requested -> active):
  custom:framework-win-MediaFoundation: 216162199b28c13a410421893ffa2e32 -> 
  custom:video-decoder-ogg-theora: a1e56fd34408186e4bbccfd4996cb3dc -> 
  custom:container-muxer-webm: aa71ff27fc2769a1b78a27578f13a17b -> 
  custom:container-demuxer-webm: 4f35f7cbe854078d1ac9338744f61a02 -> 
  custom:container-demuxer-ogg: 62fdf1f143b41e24485cea50d1cbac27 -> 
  custom:video-encoder-webm-vp8: eb34c28f22e8b96e1ab97ce403110664 -> 
  custom:video-decoder-webm-vp8: 9c59270c3fd7afecdb556c50c9e8de78 -> 
  custom:audio-decoder-ogg-vorbis: bf7c407c2cedff20999df2af8eb42d56 -> 
  custom:audio-encoder-webm-vorbis: bf7c407c2cedff20999df2af8eb42d56 -> 
========================================================================
Received Import Request.
  Time since last request: 2424.557854 seconds.
  path: ProjectSettings/TagManager.asset
  artifactKey: Guid(00000000000000003000000000000000) Importer(815301076,1909f56bfc062723c751e8b465ee728b)
Start importing ProjectSettings/TagManager.asset using Guid(00000000000000003000000000000000) Importer(815301076,1909f56bfc062723c751e8b465ee728b)  -> (artifact id: '95df672b4aaba54310d34c83eef51bb8') in 0.023995 seconds 
  Import took 0.027514 seconds .

========================================================================
Received Prepare
Registering precompiled user dll's ...
Registered in 0.005189 seconds.
Begin MonoManager ReloadAssembly
Native extension for WindowsStandalone target not found
Native extension for WebGL target not found
Refreshing native plugins compatible for Editor in 0.77 ms, found 3 plugins.
Preloading 0 native plugins for Editor in 0.00 ms.
Mono: successfully reloaded assembly
- Completed reload, in  1.182 seconds
Domain Reload Profiling:
	ReloadAssembly (1183ms)
		BeginReloadAssembly (149ms)
			ExecutionOrderSort (0ms)
			DisableScriptedObjects (7ms)
			BackupInstance (0ms)
			ReleaseScriptingObjects (0ms)
			CreateAndSetChildDomain (42ms)
		EndReloadAssembly (968ms)
			LoadAssemblies (133ms)
			RebuildTransferFunctionScriptingTraits (0ms)
			SetupTypeCache (357ms)
			ReleaseScriptCaches (1ms)
			RebuildScriptCaches (51ms)
			SetupLoadedEditorAssemblies (332ms)
				LogAssemblyErrors (0ms)
				InitializePlatformSupportModulesInManaged (6ms)
				SetLoadedEditorAssemblies (1ms)
				RefreshPlugins (1ms)
				BeforeProcessingInitializeOnLoad (64ms)
				ProcessInitializeOnLoadAttributes (245ms)
				ProcessInitializeOnLoadMethodAttributes (12ms)
				AfterProcessingInitializeOnLoad (3ms)
				EditorAssembliesLoaded (0ms)
			ExecutionOrderSort2 (0ms)
			AwakeInstancesAfterBackupRestoration (10ms)
Platform modules already initialized, skipping
Refreshing native plugins compatible for Editor in 0.57 ms, found 3 plugins.
Preloading 0 native plugins for Editor in 0.00 ms.
Unloading 2189 Unused Serialized files (Serialized files now loaded: 0)
System memory in use before: 98.6 MB.
System memory in use after: 98.7 MB.

Unloading 18 unused Assets to reduce memory usage. Loaded Objects now: 2677.
Total: 3.480400 ms (FindLiveObjects: 0.208800 ms CreateObjectMapping: 0.055000 ms MarkObjects: 3.185200 ms  DeleteObjects: 0.030000 ms)

AssetImportParameters requested are different than current active one (requested -> active):
  custom:framework-win-MediaFoundation: 216162199b28c13a410421893ffa2e32 -> 
  custom:video-decoder-ogg-theora: a1e56fd34408186e4bbccfd4996cb3dc -> 
  custom:container-muxer-webm: aa71ff27fc2769a1b78a27578f13a17b -> 
  custom:container-demuxer-webm: 4f35f7cbe854078d1ac9338744f61a02 -> 
  custom:container-demuxer-ogg: 62fdf1f143b41e24485cea50d1cbac27 -> 
  custom:video-encoder-webm-vp8: eb34c28f22e8b96e1ab97ce403110664 -> 
  custom:video-decoder-webm-vp8: 9c59270c3fd7afecdb556c50c9e8de78 -> 
  custom:audio-decoder-ogg-vorbis: bf7c407c2cedff20999df2af8eb42d56 -> 
  custom:audio-encoder-webm-vorbis: bf7c407c2cedff20999df2af8eb42d56 -> 
========================================================================
Received Prepare
Registering precompiled user dll's ...
Registered in 0.005943 seconds.
Begin MonoManager ReloadAssembly
Native extension for WindowsStandalone target not found
Native extension for WebGL target not found
Refreshing native plugins compatible for Editor in 0.54 ms, found 3 plugins.
Preloading 0 native plugins for Editor in 0.00 ms.
Mono: successfully reloaded assembly
- Completed reload, in  1.162 seconds
Domain Reload Profiling:
	ReloadAssembly (1162ms)
		BeginReloadAssembly (146ms)
			ExecutionOrderSort (0ms)
			DisableScriptedObjects (7ms)
			BackupInstance (0ms)
			ReleaseScriptingObjects (0ms)
			CreateAndSetChildDomain (34ms)
		EndReloadAssembly (951ms)
			LoadAssemblies (128ms)
			RebuildTransferFunctionScriptingTraits (0ms)
			SetupTypeCache (348ms)
			ReleaseScriptCaches (1ms)
			RebuildScriptCaches (47ms)
			SetupLoadedEditorAssemblies (322ms)
				LogAssemblyErrors (0ms)
				InitializePlatformSupportModulesInManaged (6ms)
				SetLoadedEditorAssemblies (1ms)
				RefreshPlugins (1ms)
				BeforeProcessingInitializeOnLoad (61ms)
				ProcessInitializeOnLoadAttributes (239ms)
				ProcessInitializeOnLoadMethodAttributes (12ms)
				AfterProcessingInitializeOnLoad (2ms)
				EditorAssembliesLoaded (0ms)
			ExecutionOrderSort2 (0ms)
			AwakeInstancesAfterBackupRestoration (10ms)
Platform modules already initialized, skipping
Refreshing native plugins compatible for Editor in 0.54 ms, found 3 plugins.
Preloading 0 native plugins for Editor in 0.00 ms.
Unloading 2189 Unused Serialized files (Serialized files now loaded: 0)
System memory in use before: 98.6 MB.
System memory in use after: 98.8 MB.

Unloading 17 unused Assets to reduce memory usage. Loaded Objects now: 2679.
Total: 3.637100 ms (FindLiveObjects: 0.216400 ms CreateObjectMapping: 0.056900 ms MarkObjects: 3.330800 ms  DeleteObjects: 0.031600 ms)

AssetImportParameters requested are different than current active one (requested -> active):
  custom:framework-win-MediaFoundation: 216162199b28c13a410421893ffa2e32 -> 
  custom:video-decoder-ogg-theora: a1e56fd34408186e4bbccfd4996cb3dc -> 
  custom:container-muxer-webm: aa71ff27fc2769a1b78a27578f13a17b -> 
  custom:container-demuxer-webm: 4f35f7cbe854078d1ac9338744f61a02 -> 
  custom:container-demuxer-ogg: 62fdf1f143b41e24485cea50d1cbac27 -> 
  custom:video-encoder-webm-vp8: eb34c28f22e8b96e1ab97ce403110664 -> 
  custom:video-decoder-webm-vp8: 9c59270c3fd7afecdb556c50c9e8de78 -> 
  custom:audio-decoder-ogg-vorbis: bf7c407c2cedff20999df2af8eb42d56 -> 
  custom:audio-encoder-webm-vorbis: bf7c407c2cedff20999df2af8eb42d56 -> 
========================================================================
Received Prepare
Registering precompiled user dll's ...
Registered in 0.005141 seconds.
Begin MonoManager ReloadAssembly
Native extension for WindowsStandalone target not found
Native extension for WebGL target not found
Refreshing native plugins compatible for Editor in 0.55 ms, found 3 plugins.
Preloading 0 native plugins for Editor in 0.00 ms.
Mono: successfully reloaded assembly
- Completed reload, in  1.204 seconds
Domain Reload Profiling:
	ReloadAssembly (1205ms)
		BeginReloadAssembly (155ms)
			ExecutionOrderSort (0ms)
			DisableScriptedObjects (10ms)
			BackupInstance (0ms)
			ReleaseScriptingObjects (0ms)
			CreateAndSetChildDomain (39ms)
		EndReloadAssembly (986ms)
			LoadAssemblies (133ms)
			RebuildTransferFunctionScriptingTraits (0ms)
			SetupTypeCache (361ms)
			ReleaseScriptCaches (2ms)
			RebuildScriptCaches (47ms)
			SetupLoadedEditorAssemblies (344ms)
				LogAssemblyErrors (0ms)
				InitializePlatformSupportModulesInManaged (6ms)
				SetLoadedEditorAssemblies (1ms)
				RefreshPlugins (1ms)
				BeforeProcessingInitializeOnLoad (65ms)
				ProcessInitializeOnLoadAttributes (257ms)
				ProcessInitializeOnLoadMethodAttributes (12ms)
				AfterProcessingInitializeOnLoad (2ms)
				EditorAssembliesLoaded (0ms)
			ExecutionOrderSort2 (0ms)
			AwakeInstancesAfterBackupRestoration (11ms)
Platform modules already initialized, skipping
Refreshing native plugins compatible for Editor in 0.56 ms, found 3 plugins.
Preloading 0 native plugins for Editor in 0.00 ms.
Unloading 2189 Unused Serialized files (Serialized files now loaded: 0)
System memory in use before: 98.6 MB.
System memory in use after: 98.8 MB.

Unloading 17 unused Assets to reduce memory usage. Loaded Objects now: 2681.
Total: 3.467700 ms (FindLiveObjects: 0.211500 ms CreateObjectMapping: 0.058100 ms MarkObjects: 3.167900 ms  DeleteObjects: 0.028900 ms)

AssetImportParameters requested are different than current active one (requested -> active):
  custom:framework-win-MediaFoundation: 216162199b28c13a410421893ffa2e32 -> 
  custom:video-decoder-ogg-theora: a1e56fd34408186e4bbccfd4996cb3dc -> 
  custom:container-muxer-webm: aa71ff27fc2769a1b78a27578f13a17b -> 
  custom:container-demuxer-webm: 4f35f7cbe854078d1ac9338744f61a02 -> 
  custom:container-demuxer-ogg: 62fdf1f143b41e24485cea50d1cbac27 -> 
  custom:video-encoder-webm-vp8: eb34c28f22e8b96e1ab97ce403110664 -> 
  custom:video-decoder-webm-vp8: 9c59270c3fd7afecdb556c50c9e8de78 -> 
  custom:audio-decoder-ogg-vorbis: bf7c407c2cedff20999df2af8eb42d56 -> 
  custom:audio-encoder-webm-vorbis: bf7c407c2cedff20999df2af8eb42d56 -> 
========================================================================
Received Prepare
Registering precompiled user dll's ...
Registered in 0.005084 seconds.
Begin MonoManager ReloadAssembly
Native extension for WindowsStandalone target not found
Native extension for WebGL target not found
Refreshing native plugins compatible for Editor in 0.53 ms, found 3 plugins.
Preloading 0 native plugins for Editor in 0.00 ms.
Mono: successfully reloaded assembly
- Completed reload, in  1.116 seconds
Domain Reload Profiling:
	ReloadAssembly (1116ms)
		BeginReloadAssembly (135ms)
			ExecutionOrderSort (0ms)
			DisableScriptedObjects (8ms)
			BackupInstance (0ms)
			ReleaseScriptingObjects (0ms)
			CreateAndSetChildDomain (34ms)
		EndReloadAssembly (915ms)
			LoadAssemblies (130ms)
			RebuildTransferFunctionScriptingTraits (0ms)
			SetupTypeCache (328ms)
			ReleaseScriptCaches (1ms)
			RebuildScriptCaches (48ms)
			SetupLoadedEditorAssemblies (319ms)
				LogAssemblyErrors (0ms)
				InitializePlatformSupportModulesInManaged (6ms)
				SetLoadedEditorAssemblies (1ms)
				RefreshPlugins (1ms)
				BeforeProcessingInitializeOnLoad (59ms)
				ProcessInitializeOnLoadAttributes (238ms)
				ProcessInitializeOnLoadMethodAttributes (12ms)
				AfterProcessingInitializeOnLoad (2ms)
				EditorAssembliesLoaded (0ms)
			ExecutionOrderSort2 (0ms)
			AwakeInstancesAfterBackupRestoration (11ms)
Platform modules already initialized, skipping
Refreshing native plugins compatible for Editor in 0.58 ms, found 3 plugins.
Preloading 0 native plugins for Editor in 0.00 ms.
Unloading 2189 Unused Serialized files (Serialized files now loaded: 0)
System memory in use before: 98.6 MB.
System memory in use after: 98.8 MB.

Unloading 17 unused Assets to reduce memory usage. Loaded Objects now: 2683.
Total: 3.624300 ms (FindLiveObjects: 0.227400 ms CreateObjectMapping: 0.058200 ms MarkObjects: 3.309400 ms  DeleteObjects: 0.027900 ms)

AssetImportParameters requested are different than current active one (requested -> active):
  custom:framework-win-MediaFoundation: 216162199b28c13a410421893ffa2e32 -> 
  custom:video-decoder-ogg-theora: a1e56fd34408186e4bbccfd4996cb3dc -> 
  custom:container-muxer-webm: aa71ff27fc2769a1b78a27578f13a17b -> 
  custom:container-demuxer-webm: 4f35f7cbe854078d1ac9338744f61a02 -> 
  custom:container-demuxer-ogg: 62fdf1f143b41e24485cea50d1cbac27 -> 
  custom:video-encoder-webm-vp8: eb34c28f22e8b96e1ab97ce403110664 -> 
  custom:video-decoder-webm-vp8: 9c59270c3fd7afecdb556c50c9e8de78 -> 
  custom:audio-decoder-ogg-vorbis: bf7c407c2cedff20999df2af8eb42d56 -> 
  custom:audio-encoder-webm-vorbis: bf7c407c2cedff20999df2af8eb42d56 -> 
========================================================================
Received Prepare
Registering precompiled user dll's ...
Registered in 0.005043 seconds.
Begin MonoManager ReloadAssembly
Native extension for WindowsStandalone target not found
Native extension for WebGL target not found
Refreshing native plugins compatible for Editor in 0.55 ms, found 3 plugins.
Preloading 0 native plugins for Editor in 0.00 ms.
Mono: successfully reloaded assembly
- Completed reload, in  1.129 seconds
Domain Reload Profiling:
	ReloadAssembly (1130ms)
		BeginReloadAssembly (155ms)
			ExecutionOrderSort (0ms)
			DisableScriptedObjects (7ms)
			BackupInstance (0ms)
			ReleaseScriptingObjects (0ms)
			CreateAndSetChildDomain (35ms)
		EndReloadAssembly (910ms)
			LoadAssemblies (135ms)
			RebuildTransferFunctionScriptingTraits (0ms)
			SetupTypeCache (325ms)
			ReleaseScriptCaches (1ms)
			RebuildScriptCaches (47ms)
			SetupLoadedEditorAssemblies (313ms)
				LogAssemblyErrors (0ms)
				InitializePlatformSupportModulesInManaged (6ms)
				SetLoadedEditorAssemblies (1ms)
				RefreshPlugins (1ms)
				BeforeProcessingInitializeOnLoad (59ms)
				ProcessInitializeOnLoadAttributes (232ms)
				ProcessInitializeOnLoadMethodAttributes (13ms)
				AfterProcessingInitializeOnLoad (2ms)
				EditorAssembliesLoaded (0ms)
			ExecutionOrderSort2 (0ms)
			AwakeInstancesAfterBackupRestoration (11ms)
Platform modules already initialized, skipping
Refreshing native plugins compatible for Editor in 0.54 ms, found 3 plugins.
Preloading 0 native plugins for Editor in 0.00 ms.
Unloading 2189 Unused Serialized files (Serialized files now loaded: 0)
System memory in use before: 98.6 MB.
System memory in use after: 98.8 MB.

Unloading 17 unused Assets to reduce memory usage. Loaded Objects now: 2685.
Total: 3.693200 ms (FindLiveObjects: 0.232100 ms CreateObjectMapping: 0.059900 ms MarkObjects: 3.366800 ms  DeleteObjects: 0.032600 ms)

AssetImportParameters requested are different than current active one (requested -> active):
  custom:framework-win-MediaFoundation: 216162199b28c13a410421893ffa2e32 -> 
  custom:video-decoder-ogg-theora: a1e56fd34408186e4bbccfd4996cb3dc -> 
  custom:container-muxer-webm: aa71ff27fc2769a1b78a27578f13a17b -> 
  custom:container-demuxer-webm: 4f35f7cbe854078d1ac9338744f61a02 -> 
  custom:container-demuxer-ogg: 62fdf1f143b41e24485cea50d1cbac27 -> 
  custom:video-encoder-webm-vp8: eb34c28f22e8b96e1ab97ce403110664 -> 
  custom:video-decoder-webm-vp8: 9c59270c3fd7afecdb556c50c9e8de78 -> 
  custom:audio-decoder-ogg-vorbis: bf7c407c2cedff20999df2af8eb42d56 -> 
  custom:audio-encoder-webm-vorbis: bf7c407c2cedff20999df2af8eb42d56 -> 
